  [1m[36m (101.9ms)[0m  [1mCREATE TABLE `schema_migrations` (`version` varchar(255) NOT NULL) ENGINE=InnoDB[0m
  [1m[35m (209.9ms)[0m  CREATE UNIQUE INDEX `unique_schema_migrations`  ON `schema_migrations` (`version`) 
  [1m[36mActiveRecord::SchemaMigration Load (0.5ms)[0m  [1mSELECT `schema_migrations`.* FROM `schema_migrations`[0m
  [1m[36mActiveRecord::SchemaMigration Load (0.4ms)[0m  [1mSELECT `schema_migrations`.* FROM `schema_migrations`[0m
  [1m[35mActiveRecord::SchemaMigration Load (0.3ms)[0m  SELECT `schema_migrations`.* FROM `schema_migrations`
  [1m[36mActiveRecord::SchemaMigration Load (0.4ms)[0m  [1mSELECT `schema_migrations`.* FROM `schema_migrations`[0m
  [1m[35mActiveRecord::SchemaMigration Load (0.3ms)[0m  SELECT `schema_migrations`.* FROM `schema_migrations`
  [1m[36mActiveRecord::SchemaMigration Load (0.1ms)[0m  [1mSELECT `schema_migrations`.* FROM `schema_migrations`[0m
Migrating to CreateMailboxes (20140928102421)
  [1m[35m (113.6ms)[0m  CREATE TABLE `mailboxes` (`id` int(11) auto_increment PRIMARY KEY, `name` varchar(255), `email` varchar(255), `created_at` datetime, `updated_at` datetime) ENGINE=InnoDB
  [1m[36m (0.4ms)[0m  [1mBEGIN[0m
  [1m[35mSQL (0.5ms)[0m  INSERT INTO `schema_migrations` (`version`) VALUES ('20140928102421')
  [1m[36m (43.7ms)[0m  [1mCOMMIT[0m
Migrating to CreateEmails (20140928103116)
  [1m[35m (110.8ms)[0m  CREATE TABLE `emails` (`id` int(11) auto_increment PRIMARY KEY, `content` varchar(255), `mailbox_id` int(11), `email_id` int(11), `created_at` datetime, `updated_at` datetime) ENGINE=InnoDB
  [1m[36m (165.6ms)[0m  [1mCREATE  INDEX `index_emails_on_mailbox_id`  ON `emails` (`mailbox_id`) [0m
  [1m[35m (164.6ms)[0m  CREATE  INDEX `index_emails_on_email_id`  ON `emails` (`email_id`) 
  [1m[36m (0.3ms)[0m  [1mBEGIN[0m
  [1m[35mSQL (0.4ms)[0m  INSERT INTO `schema_migrations` (`version`) VALUES ('20140928103116')
  [1m[36m (40.4ms)[0m  [1mCOMMIT[0m
Migrating to CreateContacts (20140928103259)
  [1m[35m (120.0ms)[0m  CREATE TABLE `contacts` (`id` int(11) auto_increment PRIMARY KEY, `first_name` varchar(255), `last_name` varchar(255), `ph_no` varchar(255), `mailbox_id` int(11), `created_at` datetime, `updated_at` datetime) ENGINE=InnoDB
  [1m[36m (153.9ms)[0m  [1mCREATE  INDEX `index_contacts_on_mailbox_id`  ON `contacts` (`mailbox_id`) [0m
  [1m[35m (0.3ms)[0m  BEGIN
  [1m[36mSQL (0.5ms)[0m  [1mINSERT INTO `schema_migrations` (`version`) VALUES ('20140928103259')[0m
  [1m[35m (40.1ms)[0m  COMMIT
Migrating to CreateReceivers (20140928103457)
  [1m[36m (75.9ms)[0m  [1mCREATE TABLE `receivers` (`id` int(11) auto_increment PRIMARY KEY, `mail_id` int(11), `mailbox_id` int(11), `created_at` datetime, `updated_at` datetime) ENGINE=InnoDB[0m
  [1m[35m (164.9ms)[0m  CREATE  INDEX `index_receivers_on_mail_id`  ON `receivers` (`mail_id`) 
  [1m[36m (164.9ms)[0m  [1mCREATE  INDEX `index_receivers_on_mailbox_id`  ON `receivers` (`mailbox_id`) [0m
  [1m[35m (0.3ms)[0m  BEGIN
  [1m[36mSQL (0.5ms)[0m  [1mINSERT INTO `schema_migrations` (`version`) VALUES ('20140928103457')[0m
  [1m[35m (39.9ms)[0m  COMMIT
Migrating to CreateAttachments (20140928103551)
  [1m[36m (87.8ms)[0m  [1mCREATE TABLE `attachments` (`id` int(11) auto_increment PRIMARY KEY, `file_name` varchar(255), `file_type` varchar(255), `mail_id` int(11), `created_at` datetime, `updated_at` datetime) ENGINE=InnoDB[0m
  [1m[35m (167.1ms)[0m  CREATE  INDEX `index_attachments_on_mail_id`  ON `attachments` (`mail_id`) 
  [1m[36m (0.1ms)[0m  [1mBEGIN[0m
  [1m[35mSQL (0.3ms)[0m  INSERT INTO `schema_migrations` (`version`) VALUES ('20140928103551')
  [1m[36m (42.2ms)[0m  [1mCOMMIT[0m
  [1m[35mActiveRecord::SchemaMigration Load (0.4ms)[0m  SELECT `schema_migrations`.* FROM `schema_migrations`
  [1m[36mActiveRecord::SchemaMigration Load (0.2ms)[0m  [1mSELECT `schema_migrations`.* FROM `schema_migrations`[0m
  [1m[35mActiveRecord::SchemaMigration Load (0.1ms)[0m  SELECT `schema_migrations`.* FROM `schema_migrations`
Migrating to CreateAttachments (20140928103551)
  [1m[36m (57.9ms)[0m  [1mDROP TABLE `attachments`[0m
  [1m[35mSQL (72.4ms)[0m  DELETE FROM `schema_migrations` WHERE `schema_migrations`.`version` = '20140928103551'
  [1m[36mActiveRecord::SchemaMigration Load (0.4ms)[0m  [1mSELECT `schema_migrations`.* FROM `schema_migrations`[0m
  [1m[36mActiveRecord::SchemaMigration Load (0.4ms)[0m  [1mSELECT `schema_migrations`.* FROM `schema_migrations`[0m
  [1m[35mActiveRecord::SchemaMigration Load (0.3ms)[0m  SELECT `schema_migrations`.* FROM `schema_migrations`
Migrating to CreateReceivers (20140928103457)
  [1m[36m (383.6ms)[0m  [1mDROP TABLE `receivers`[0m
  [1m[35mSQL (36.9ms)[0m  DELETE FROM `schema_migrations` WHERE `schema_migrations`.`version` = '20140928103457'
  [1m[36mActiveRecord::SchemaMigration Load (0.5ms)[0m  [1mSELECT `schema_migrations`.* FROM `schema_migrations`[0m
  [1m[36mActiveRecord::SchemaMigration Load (0.4ms)[0m  [1mSELECT `schema_migrations`.* FROM `schema_migrations`[0m
  [1m[35mActiveRecord::SchemaMigration Load (0.2ms)[0m  SELECT `schema_migrations`.* FROM `schema_migrations`
Migrating to CreateContacts (20140928103259)
  [1m[36m (98.3ms)[0m  [1mDROP TABLE `contacts`[0m
  [1m[35mSQL (38.3ms)[0m  DELETE FROM `schema_migrations` WHERE `schema_migrations`.`version` = '20140928103259'
  [1m[36mActiveRecord::SchemaMigration Load (0.4ms)[0m  [1mSELECT `schema_migrations`.* FROM `schema_migrations`[0m
  [1m[36mActiveRecord::SchemaMigration Load (0.2ms)[0m  [1mSELECT `schema_migrations`.* FROM `schema_migrations`[0m
  [1m[35mActiveRecord::SchemaMigration Load (0.2ms)[0m  SELECT `schema_migrations`.* FROM `schema_migrations`
Migrating to CreateEmails (20140928103116)
  [1m[36m (102.4ms)[0m  [1mDROP TABLE `emails`[0m
  [1m[35mSQL (63.0ms)[0m  DELETE FROM `schema_migrations` WHERE `schema_migrations`.`version` = '20140928103116'
  [1m[36mActiveRecord::SchemaMigration Load (0.4ms)[0m  [1mSELECT `schema_migrations`.* FROM `schema_migrations`[0m
  [1m[36mActiveRecord::SchemaMigration Load (0.2ms)[0m  [1mSELECT `schema_migrations`.* FROM `schema_migrations`[0m
  [1m[35mActiveRecord::SchemaMigration Load (0.2ms)[0m  SELECT `schema_migrations`.* FROM `schema_migrations`
Migrating to CreateMailboxes (20140928102421)
  [1m[36m (150.3ms)[0m  [1mDROP TABLE `mailboxes`[0m
  [1m[35mSQL (47.4ms)[0m  DELETE FROM `schema_migrations` WHERE `schema_migrations`.`version` = '20140928102421'
  [1m[36mActiveRecord::SchemaMigration Load (0.4ms)[0m  [1mSELECT `schema_migrations`.* FROM `schema_migrations`[0m
  [1m[36mActiveRecord::SchemaMigration Load (0.4ms)[0m  [1mSELECT `schema_migrations`.* FROM `schema_migrations`[0m
  [1m[35mActiveRecord::SchemaMigration Load (0.4ms)[0m  SELECT `schema_migrations`.* FROM `schema_migrations`
  [1m[36mActiveRecord::SchemaMigration Load (0.2ms)[0m  [1mSELECT `schema_migrations`.* FROM `schema_migrations`[0m
  [1m[35mActiveRecord::SchemaMigration Load (0.2ms)[0m  SELECT `schema_migrations`.* FROM `schema_migrations`
  [1m[36mActiveRecord::SchemaMigration Load (0.4ms)[0m  [1mSELECT `schema_migrations`.* FROM `schema_migrations`[0m
Migrating to CreateMailboxes (20140928102421)
  [1m[35m (406.5ms)[0m  CREATE TABLE `mailboxes` (`id` int(11) auto_increment PRIMARY KEY, `name` varchar(255), `email` varchar(255), `created_at` datetime, `updated_at` datetime) ENGINE=InnoDB
  [1m[36m (0.2ms)[0m  [1mBEGIN[0m
  [1m[35mSQL (0.3ms)[0m  INSERT INTO `schema_migrations` (`version`) VALUES ('20140928102421')
  [1m[36m (47.5ms)[0m  [1mCOMMIT[0m
Migrating to CreateEmails (20140928103116)
  [1m[35m (96.1ms)[0m  CREATE TABLE `emails` (`id` int(11) auto_increment PRIMARY KEY, `content` varchar(255), `mailbox_id` int(11), `email_id` int(11), `created_at` datetime, `updated_at` datetime) ENGINE=InnoDB
  [1m[36m (164.9ms)[0m  [1mCREATE  INDEX `index_emails_on_mailbox_id`  ON `emails` (`mailbox_id`) [0m
  [1m[35m (165.5ms)[0m  CREATE  INDEX `index_emails_on_email_id`  ON `emails` (`email_id`) 
  [1m[36m (0.1ms)[0m  [1mBEGIN[0m
  [1m[35mSQL (0.3ms)[0m  INSERT INTO `schema_migrations` (`version`) VALUES ('20140928103116')
  [1m[36m (42.2ms)[0m  [1mCOMMIT[0m
Migrating to CreateContacts (20140928103259)
  [1m[35m (87.6ms)[0m  CREATE TABLE `contacts` (`id` int(11) auto_increment PRIMARY KEY, `first_name` varchar(255), `last_name` varchar(255), `ph_no` varchar(255), `mailbox_id` int(11), `created_at` datetime, `updated_at` datetime) ENGINE=InnoDB
  [1m[36m (164.9ms)[0m  [1mCREATE  INDEX `index_contacts_on_mailbox_id`  ON `contacts` (`mailbox_id`) [0m
  [1m[35m (0.1ms)[0m  BEGIN
  [1m[36mSQL (0.2ms)[0m  [1mINSERT INTO `schema_migrations` (`version`) VALUES ('20140928103259')[0m
  [1m[35m (41.8ms)[0m  COMMIT
Migrating to CreateReceivers (20140928103457)
  [1m[36m (75.1ms)[0m  [1mCREATE TABLE `receivers` (`id` int(11) auto_increment PRIMARY KEY, `mail_id` int(11), `mailbox_id` int(11), `created_at` datetime, `updated_at` datetime) ENGINE=InnoDB[0m
  [1m[35m (154.3ms)[0m  CREATE  INDEX `index_receivers_on_mail_id`  ON `receivers` (`mail_id`) 
  [1m[36m (154.7ms)[0m  [1mCREATE  INDEX `index_receivers_on_mailbox_id`  ON `receivers` (`mailbox_id`) [0m
  [1m[35m (0.3ms)[0m  BEGIN
  [1m[36mSQL (0.4ms)[0m  [1mINSERT INTO `schema_migrations` (`version`) VALUES ('20140928103457')[0m
  [1m[35m (40.3ms)[0m  COMMIT
Migrating to CreateAttachments (20140928103551)
  [1m[36m (86.3ms)[0m  [1mCREATE TABLE `attachments` (`id` int(11) auto_increment PRIMARY KEY, `file_name` varchar(255), `file_type` varchar(255), `mail_id` int(11), `created_at` datetime, `updated_at` datetime) ENGINE=InnoDB[0m
  [1m[35m (176.9ms)[0m  CREATE  INDEX `index_attachments_on_mail_id`  ON `attachments` (`mail_id`) 
  [1m[36m (0.3ms)[0m  [1mBEGIN[0m
  [1m[35mSQL (0.4ms)[0m  INSERT INTO `schema_migrations` (`version`) VALUES ('20140928103551')
  [1m[36m (40.4ms)[0m  [1mCOMMIT[0m
  [1m[35mActiveRecord::SchemaMigration Load (0.5ms)[0m  SELECT `schema_migrations`.* FROM `schema_migrations`
  [1m[36m (0.2ms)[0m  [1mBEGIN[0m
  [1m[35mSQL (0.5ms)[0m  INSERT INTO `mailboxes` (`created_at`, `email`, `name`, `updated_at`) VALUES ('2014-09-28 11:19:52', 'shiksha@vinsol.com', 'shiksha', '2014-09-28 11:19:52')
  [1m[36m (422.5ms)[0m  [1mCOMMIT[0m
  [1m[35mMailbox Load (0.7ms)[0m  SELECT  `mailboxes`.* FROM `mailboxes`   ORDER BY `mailboxes`.`id` ASC LIMIT 1
  [1m[36mMailbox Load (0.3ms)[0m  [1mSELECT  `mailboxes`.* FROM `mailboxes`   ORDER BY `mailboxes`.`id` ASC LIMIT 1[0m
  [1m[35mEmail Load (0.6ms)[0m  SELECT `emails`.* FROM `emails`  WHERE `emails`.`mailbox_id` = 1
  [1m[36mMailbox Load (0.4ms)[0m  [1mSELECT  `mailboxes`.* FROM `mailboxes`   ORDER BY `mailboxes`.`id` ASC LIMIT 1[0m
  [1m[35mMailbox Load (0.4ms)[0m  SELECT  `mailboxes`.* FROM `mailboxes`   ORDER BY `mailboxes`.`id` ASC LIMIT 1
  [1m[36mMailbox Load (0.4ms)[0m  [1mSELECT  `mailboxes`.* FROM `mailboxes`   ORDER BY `mailboxes`.`id` ASC LIMIT 1[0m
  [1m[35mMailbox Load (0.4ms)[0m  SELECT  `mailboxes`.* FROM `mailboxes`   ORDER BY `mailboxes`.`id` ASC LIMIT 1
  [1m[36mMailbox Load (0.3ms)[0m  [1mSELECT  `mailboxes`.* FROM `mailboxes`   ORDER BY `mailboxes`.`id` ASC LIMIT 1[0m
  [1m[35mMailbox Load (0.5ms)[0m  SELECT  `mailboxes`.* FROM `mailboxes`   ORDER BY `mailboxes`.`id` ASC LIMIT 1
  [1m[36mMailbox Load (0.4ms)[0m  [1mSELECT  `mailboxes`.* FROM `mailboxes`   ORDER BY `mailboxes`.`id` ASC LIMIT 1[0m
  [1m[35mEmail Load (0.3ms)[0m  SELECT `emails`.* FROM `emails`  WHERE `emails`.`mailbox_id` = 1
  [1m[36mMailbox Load (0.3ms)[0m  [1mSELECT  `mailboxes`.* FROM `mailboxes`   ORDER BY `mailboxes`.`id` ASC LIMIT 1[0m
  [1m[35mMailbox Load (0.4ms)[0m  SELECT  `mailboxes`.* FROM `mailboxes`   ORDER BY `mailboxes`.`id` ASC LIMIT 1
  [1m[36m (0.3ms)[0m  [1mBEGIN[0m
  [1m[35mSQL (0.3ms)[0m  INSERT INTO `emails` (`content`, `created_at`, `mailbox_id`, `updated_at`) VALUES ('asd', '2014-09-28 11:29:29', 1, '2014-09-28 11:29:29')
  [1m[36m (372.9ms)[0m  [1mCOMMIT[0m
  [1m[35mMailbox Load (0.4ms)[0m  SELECT  `mailboxes`.* FROM `mailboxes`   ORDER BY `mailboxes`.`id` ASC LIMIT 1
  [1m[36mEmail Load (67.9ms)[0m  [1mSELECT `emails`.* FROM `emails`  WHERE `emails`.`mailbox_id` = 1[0m
  [1m[35mMailbox Load (0.4ms)[0m  SELECT  `mailboxes`.* FROM `mailboxes`   ORDER BY `mailboxes`.`id` ASC LIMIT 1
  [1m[36mEmail Load (0.3ms)[0m  [1mSELECT `emails`.* FROM `emails`  WHERE `emails`.`mailbox_id` = 1[0m
  [1m[35mMailbox Load (0.4ms)[0m  SELECT  `mailboxes`.* FROM `mailboxes`   ORDER BY `mailboxes`.`id` ASC LIMIT 1
  [1m[36mEmail Load (0.2ms)[0m  [1mSELECT `emails`.* FROM `emails`  WHERE `emails`.`mailbox_id` = 1[0m
  [1m[35mMailbox Load (0.4ms)[0m  SELECT  `mailboxes`.* FROM `mailboxes`   ORDER BY `mailboxes`.`id` ASC LIMIT 1
  [1m[36mEmail Load (0.1ms)[0m  [1mSELECT `emails`.* FROM `emails`  WHERE `emails`.`mailbox_id` = 1[0m
  [1m[35mMailbox Load (0.3ms)[0m  SELECT  `mailboxes`.* FROM `mailboxes`   ORDER BY `mailboxes`.`id` ASC LIMIT 1
  [1m[36mEmail Load (0.6ms)[0m  [1mSELECT  `emails`.* FROM `emails`  WHERE `emails`.`mailbox_id` = 1  ORDER BY `emails`.`id` ASC LIMIT 1[0m
  [1m[35mReceiver Load (0.7ms)[0m  SELECT `receivers`.* FROM `receivers`  WHERE `receivers`.`email_id` = 1
Mysql2::Error: Unknown column 'receivers.email_id' in 'where clause': SELECT `receivers`.* FROM `receivers`  WHERE `receivers`.`email_id` = 1
  [1m[36mMailbox Load (0.4ms)[0m  [1mSELECT  `mailboxes`.* FROM `mailboxes`   ORDER BY `mailboxes`.`id` ASC LIMIT 1[0m
  [1m[35mEmail Load (0.4ms)[0m  SELECT  `emails`.* FROM `emails`  WHERE `emails`.`mailbox_id` = 1  ORDER BY `emails`.`id` ASC LIMIT 1
  [1m[36mMailbox Load (0.3ms)[0m  [1mSELECT  `mailboxes`.* FROM `mailboxes`   ORDER BY `mailboxes`.`id` ASC LIMIT 1[0m
  [1m[35mEmail Load (0.3ms)[0m  SELECT  `emails`.* FROM `emails`  WHERE `emails`.`mailbox_id` = 1  ORDER BY `emails`.`id` ASC LIMIT 1
  [1m[36mMailbox Load (0.4ms)[0m  [1mSELECT  `mailboxes`.* FROM `mailboxes`   ORDER BY `mailboxes`.`id` ASC LIMIT 1[0m
  [1m[35mEmail Load (0.3ms)[0m  SELECT  `emails`.* FROM `emails`  WHERE `emails`.`mailbox_id` = 1  ORDER BY `emails`.`id` ASC LIMIT 1
  [1m[36mReceiver Load (0.8ms)[0m  [1mSELECT `receivers`.* FROM `receivers`  WHERE `receivers`.`email_id` = 1[0m
Mysql2::Error: Unknown column 'receivers.email_id' in 'where clause': SELECT `receivers`.* FROM `receivers`  WHERE `receivers`.`email_id` = 1
  [1m[36mActiveRecord::SchemaMigration Load (0.2ms)[0m  [1mSELECT `schema_migrations`.* FROM `schema_migrations`[0m
  [1m[35mActiveRecord::SchemaMigration Load (0.2ms)[0m  SELECT `schema_migrations`.* FROM `schema_migrations`
Migrating to CreateAttachments (20140928103551)
  [1m[36m (377.6ms)[0m  [1mDROP TABLE `attachments`[0m
  [1m[35mSQL (62.6ms)[0m  DELETE FROM `schema_migrations` WHERE `schema_migrations`.`version` = '20140928103551'
  [1m[36mActiveRecord::SchemaMigration Load (0.3ms)[0m  [1mSELECT `schema_migrations`.* FROM `schema_migrations`[0m
  [1m[36mActiveRecord::SchemaMigration Load (0.4ms)[0m  [1mSELECT `schema_migrations`.* FROM `schema_migrations`[0m
  [1m[35mActiveRecord::SchemaMigration Load (0.3ms)[0m  SELECT `schema_migrations`.* FROM `schema_migrations`
Migrating to CreateReceivers (20140928103457)
  [1m[36m (99.9ms)[0m  [1mDROP TABLE `receivers`[0m
  [1m[35mSQL (40.6ms)[0m  DELETE FROM `schema_migrations` WHERE `schema_migrations`.`version` = '20140928103457'
  [1m[36mActiveRecord::SchemaMigration Load (0.4ms)[0m  [1mSELECT `schema_migrations`.* FROM `schema_migrations`[0m
  [1m[36mActiveRecord::SchemaMigration Load (0.4ms)[0m  [1mSELECT `schema_migrations`.* FROM `schema_migrations`[0m
  [1m[35mActiveRecord::SchemaMigration Load (0.2ms)[0m  SELECT `schema_migrations`.* FROM `schema_migrations`
Migrating to CreateContacts (20140928103259)
  [1m[36m (99.3ms)[0m  [1mDROP TABLE `contacts`[0m
  [1m[35mSQL (39.3ms)[0m  DELETE FROM `schema_migrations` WHERE `schema_migrations`.`version` = '20140928103259'
  [1m[36mActiveRecord::SchemaMigration Load (0.5ms)[0m  [1mSELECT `schema_migrations`.* FROM `schema_migrations`[0m
  [1m[36mActiveRecord::SchemaMigration Load (0.1ms)[0m  [1mSELECT `schema_migrations`.* FROM `schema_migrations`[0m
  [1m[35mActiveRecord::SchemaMigration Load (0.2ms)[0m  SELECT `schema_migrations`.* FROM `schema_migrations`
Migrating to CreateEmails (20140928103116)
  [1m[36m (90.8ms)[0m  [1mDROP TABLE `emails`[0m
  [1m[35mSQL (39.4ms)[0m  DELETE FROM `schema_migrations` WHERE `schema_migrations`.`version` = '20140928103116'
  [1m[36mActiveRecord::SchemaMigration Load (0.5ms)[0m  [1mSELECT `schema_migrations`.* FROM `schema_migrations`[0m
  [1m[36mActiveRecord::SchemaMigration Load (0.2ms)[0m  [1mSELECT `schema_migrations`.* FROM `schema_migrations`[0m
  [1m[35mActiveRecord::SchemaMigration Load (0.2ms)[0m  SELECT `schema_migrations`.* FROM `schema_migrations`
Migrating to CreateMailboxes (20140928102421)
  [1m[36m (95.2ms)[0m  [1mDROP TABLE `mailboxes`[0m
  [1m[35mSQL (38.5ms)[0m  DELETE FROM `schema_migrations` WHERE `schema_migrations`.`version` = '20140928102421'
  [1m[36mActiveRecord::SchemaMigration Load (0.5ms)[0m  [1mSELECT `schema_migrations`.* FROM `schema_migrations`[0m
  [1m[36mActiveRecord::SchemaMigration Load (0.3ms)[0m  [1mSELECT `schema_migrations`.* FROM `schema_migrations`[0m
  [1m[35mActiveRecord::SchemaMigration Load (0.1ms)[0m  SELECT `schema_migrations`.* FROM `schema_migrations`
  [1m[36mActiveRecord::SchemaMigration Load (0.2ms)[0m  [1mSELECT `schema_migrations`.* FROM `schema_migrations`[0m
Migrating to CreateMailboxes (20140928102421)
  [1m[35m (157.2ms)[0m  CREATE TABLE `mailboxes` (`id` int(11) auto_increment PRIMARY KEY, `name` varchar(255), `email` varchar(255), `created_at` datetime, `updated_at` datetime) ENGINE=InnoDB
  [1m[36m (0.2ms)[0m  [1mBEGIN[0m
  [1m[35mSQL (0.3ms)[0m  INSERT INTO `schema_migrations` (`version`) VALUES ('20140928102421')
  [1m[36m (45.3ms)[0m  [1mCOMMIT[0m
Migrating to CreateEmails (20140928103116)
  [1m[35m (76.3ms)[0m  CREATE TABLE `emails` (`id` int(11) auto_increment PRIMARY KEY, `content` varchar(255), `mailbox_id` int(11), `email_id` int(11), `created_at` datetime, `updated_at` datetime) ENGINE=InnoDB
  [1m[36m (189.2ms)[0m  [1mCREATE  INDEX `index_emails_on_mailbox_id`  ON `emails` (`mailbox_id`) [0m
  [1m[35m (153.6ms)[0m  CREATE  INDEX `index_emails_on_email_id`  ON `emails` (`email_id`) 
  [1m[36m (0.1ms)[0m  [1mBEGIN[0m
  [1m[35mSQL (0.4ms)[0m  INSERT INTO `schema_migrations` (`version`) VALUES ('20140928103116')
  [1m[36m (41.6ms)[0m  [1mCOMMIT[0m
Migrating to CreateContacts (20140928103259)
  [1m[35m (97.0ms)[0m  CREATE TABLE `contacts` (`id` int(11) auto_increment PRIMARY KEY, `first_name` varchar(255), `last_name` varchar(255), `ph_no` varchar(255), `mailbox_id` int(11), `created_at` datetime, `updated_at` datetime) ENGINE=InnoDB
  [1m[36m (142.9ms)[0m  [1mCREATE  INDEX `index_contacts_on_mailbox_id`  ON `contacts` (`mailbox_id`) [0m
  [1m[35m (0.3ms)[0m  BEGIN
  [1m[36mSQL (0.5ms)[0m  [1mINSERT INTO `schema_migrations` (`version`) VALUES ('20140928103259')[0m
  [1m[35m (28.6ms)[0m  COMMIT
Migrating to CreateReceivers (20140928103457)
  [1m[36m (73.8ms)[0m  [1mCREATE TABLE `receivers` (`id` int(11) auto_increment PRIMARY KEY, `email_id` int(11), `mailbox_id` int(11), `created_at` datetime, `updated_at` datetime) ENGINE=InnoDB[0m
  [1m[35m (176.2ms)[0m  CREATE  INDEX `index_receivers_on_email_id`  ON `receivers` (`email_id`) 
  [1m[36m (153.9ms)[0m  [1mCREATE  INDEX `index_receivers_on_mailbox_id`  ON `receivers` (`mailbox_id`) [0m
  [1m[35m (0.3ms)[0m  BEGIN
  [1m[36mSQL (0.5ms)[0m  [1mINSERT INTO `schema_migrations` (`version`) VALUES ('20140928103457')[0m
  [1m[35m (39.8ms)[0m  COMMIT
Migrating to CreateAttachments (20140928103551)
  [1m[36m (74.8ms)[0m  [1mCREATE TABLE `attachments` (`id` int(11) auto_increment PRIMARY KEY, `file_name` varchar(255), `file_type` varchar(255), `email_id` int(11), `created_at` datetime, `updated_at` datetime) ENGINE=InnoDB[0m
  [1m[35m (153.1ms)[0m  CREATE  INDEX `index_attachments_on_email_id`  ON `attachments` (`email_id`) 
  [1m[36m (0.3ms)[0m  [1mBEGIN[0m
  [1m[35mSQL (0.5ms)[0m  INSERT INTO `schema_migrations` (`version`) VALUES ('20140928103551')
  [1m[36m (40.1ms)[0m  [1mCOMMIT[0m
  [1m[35mActiveRecord::SchemaMigration Load (0.7ms)[0m  SELECT `schema_migrations`.* FROM `schema_migrations`
  [1m[35m (0.1ms)[0m  BEGIN
  [1m[36mSQL (0.5ms)[0m  [1mINSERT INTO `mailboxes` (`created_at`, `email`, `name`, `updated_at`) VALUES ('2014-09-28 12:09:40', 'shiksha@vinsol.com', 'shiksha', '2014-09-28 12:09:40')[0m
  [1m[35m (374.9ms)[0m  COMMIT
  [1m[36mMailbox Load (0.8ms)[0m  [1mSELECT  `mailboxes`.* FROM `mailboxes`   ORDER BY `mailboxes`.`id` ASC LIMIT 1[0m
  [1m[35mMailbox Load (0.4ms)[0m  SELECT  `mailboxes`.* FROM `mailboxes`   ORDER BY `mailboxes`.`id` ASC LIMIT 1
  [1m[36mMailbox Load (0.3ms)[0m  [1mSELECT  `mailboxes`.* FROM `mailboxes`   ORDER BY `mailboxes`.`id` ASC LIMIT 1[0m
  [1m[35mEmail Load (0.7ms)[0m  SELECT `emails`.* FROM `emails`  WHERE `emails`.`mailbox_id` = 1
  [1m[36mMailbox Load (0.4ms)[0m  [1mSELECT  `mailboxes`.* FROM `mailboxes`   ORDER BY `mailboxes`.`id` ASC LIMIT 1[0m
  [1m[35m (0.3ms)[0m  BEGIN
  [1m[36mSQL (1.2ms)[0m  [1mINSERT INTO `emails` (`content`, `created_at`, `mailbox_id`, `updated_at`) VALUES ('dcf', '2014-09-28 12:11:30', 1, '2014-09-28 12:11:30')[0m
  [1m[35m (96.6ms)[0m  COMMIT
  [1m[36mMailbox Load (0.4ms)[0m  [1mSELECT  `mailboxes`.* FROM `mailboxes`   ORDER BY `mailboxes`.`id` ASC LIMIT 1[0m
  [1m[35mEmail Load (0.8ms)[0m  SELECT  `emails`.* FROM `emails`  WHERE `emails`.`mailbox_id` = 1  ORDER BY `emails`.`id` ASC LIMIT 1
  [1m[36mReceiver Load (0.3ms)[0m  [1mSELECT `receivers`.* FROM `receivers`  WHERE `receivers`.`email_id` = 1[0m
  [1m[35mMailbox Load (0.3ms)[0m  SELECT  `mailboxes`.* FROM `mailboxes`   ORDER BY `mailboxes`.`id` ASC LIMIT 1
  [1m[36mEmail Load (0.3ms)[0m  [1mSELECT  `emails`.* FROM `emails`  WHERE `emails`.`mailbox_id` = 1  ORDER BY `emails`.`id` ASC LIMIT 1[0m
  [1m[35m (0.1ms)[0m  BEGIN
  [1m[36mSQL (0.5ms)[0m  [1mINSERT INTO `receivers` (`created_at`, `email_id`, `mailbox_id`, `updated_at`) VALUES ('2014-09-28 12:15:45', 1, 2, '2014-09-28 12:15:45')[0m
  [1m[35m (376.7ms)[0m  COMMIT
  [1m[36m (0.3ms)[0m  [1mBEGIN[0m
  [1m[35mSQL (0.6ms)[0m  INSERT INTO `receivers` (`created_at`, `email_id`, `updated_at`) VALUES ('2014-09-28 12:17:16', 4, '2014-09-28 12:17:16')
  [1m[36m (93.6ms)[0m  [1mCOMMIT[0m
  [1m[35m (0.2ms)[0m  BEGIN
  [1m[36mSQL (0.5ms)[0m  [1mINSERT INTO `receivers` (`created_at`, `email_id`, `updated_at`) VALUES ('2014-09-28 12:24:21', 4, '2014-09-28 12:24:21')[0m
  [1m[35m (95.2ms)[0m  COMMIT
  [1m[36mMailbox Load (0.5ms)[0m  [1mSELECT  `mailboxes`.* FROM `mailboxes`   ORDER BY `mailboxes`.`id` ASC LIMIT 1[0m
  [1m[35mMailbox Load (0.4ms)[0m  SELECT  `mailboxes`.* FROM `mailboxes`   ORDER BY `mailboxes`.`id` ASC LIMIT 1
  [1m[36mEmail Load (1.1ms)[0m  [1mSELECT `emails`.* FROM `emails`  WHERE `emails`.`mailbox_id` = 1[0m
  [1m[35mMailbox Load (0.5ms)[0m  SELECT  `mailboxes`.* FROM `mailboxes`   ORDER BY `mailboxes`.`id` ASC LIMIT 1
  [1m[36mEmail Load (0.8ms)[0m  [1mSELECT  `emails`.* FROM `emails`  WHERE `emails`.`mailbox_id` = 1  ORDER BY `emails`.`id` ASC LIMIT 1[0m
  [1m[35mMailbox Load (0.5ms)[0m  SELECT  `mailboxes`.* FROM `mailboxes`   ORDER BY `mailboxes`.`id` ASC LIMIT 1
  [1m[36mEmail Load (0.4ms)[0m  [1mSELECT  `emails`.* FROM `emails`  WHERE `emails`.`mailbox_id` = 1  ORDER BY `emails`.`id` ASC LIMIT 1[0m
  [1m[35mReceiver Load (0.6ms)[0m  SELECT `receivers`.* FROM `receivers`  WHERE `receivers`.`email_id` = 1
  [1m[36mMailbox Load (0.5ms)[0m  [1mSELECT  `mailboxes`.* FROM `mailboxes`   ORDER BY `mailboxes`.`id` ASC LIMIT 1[0m
  [1m[35mEmail Load (0.4ms)[0m  SELECT  `emails`.* FROM `emails`  WHERE `emails`.`mailbox_id` = 1  ORDER BY `emails`.`id` ASC LIMIT 1
  [1m[36mReceiver Load (0.8ms)[0m  [1mSELECT  `receivers`.* FROM `receivers`  WHERE `receivers`.`email_id` = 1  ORDER BY `receivers`.`id` ASC LIMIT 1[0m
  [1m[35mMailbox Load (0.4ms)[0m  SELECT  `mailboxes`.* FROM `mailboxes`   ORDER BY `mailboxes`.`id` ASC LIMIT 1
  [1m[36mEmail Load (0.4ms)[0m  [1mSELECT  `emails`.* FROM `emails`  WHERE `emails`.`mailbox_id` = 1  ORDER BY `emails`.`id` ASC LIMIT 1[0m
  [1m[35mReceiver Load (0.4ms)[0m  SELECT  `receivers`.* FROM `receivers`  WHERE `receivers`.`email_id` = 1  ORDER BY `receivers`.`id` ASC LIMIT 1
  [1m[36mMailbox Load (0.4ms)[0m  [1mSELECT  `mailboxes`.* FROM `mailboxes`   ORDER BY `mailboxes`.`id` ASC LIMIT 1[0m
  [1m[35mEmail Load (0.3ms)[0m  SELECT  `emails`.* FROM `emails`  WHERE `emails`.`mailbox_id` = 1  ORDER BY `emails`.`id` ASC LIMIT 1
  [1m[36mReceiver Load (0.3ms)[0m  [1mSELECT  `receivers`.* FROM `receivers`  WHERE `receivers`.`email_id` = 1  ORDER BY `receivers`.`id` ASC LIMIT 1[0m
  [1m[36mActiveRecord::SchemaMigration Load (0.6ms)[0m  [1mSELECT `schema_migrations`.* FROM `schema_migrations`[0m
  [1m[35mActiveRecord::SchemaMigration Load (0.3ms)[0m  SELECT `schema_migrations`.* FROM `schema_migrations`
Migrating to CreateAttachments (20140928103551)
  [1m[36m (33.4ms)[0m  [1mDROP TABLE `attachments`[0m
  [1m[35mSQL (50.6ms)[0m  DELETE FROM `schema_migrations` WHERE `schema_migrations`.`version` = '20140928103551'
  [1m[36mActiveRecord::SchemaMigration Load (0.4ms)[0m  [1mSELECT `schema_migrations`.* FROM `schema_migrations`[0m
  [1m[36mActiveRecord::SchemaMigration Load (0.4ms)[0m  [1mSELECT `schema_migrations`.* FROM `schema_migrations`[0m
  [1m[35mActiveRecord::SchemaMigration Load (0.2ms)[0m  SELECT `schema_migrations`.* FROM `schema_migrations`
Migrating to CreateReceivers (20140928103457)
  [1m[36m (40.3ms)[0m  [1mDROP TABLE `receivers`[0m
  [1m[35mSQL (41.2ms)[0m  DELETE FROM `schema_migrations` WHERE `schema_migrations`.`version` = '20140928103457'
  [1m[36mActiveRecord::SchemaMigration Load (0.5ms)[0m  [1mSELECT `schema_migrations`.* FROM `schema_migrations`[0m
  [1m[36mActiveRecord::SchemaMigration Load (0.3ms)[0m  [1mSELECT `schema_migrations`.* FROM `schema_migrations`[0m
  [1m[35mActiveRecord::SchemaMigration Load (0.2ms)[0m  SELECT `schema_migrations`.* FROM `schema_migrations`
Migrating to CreateContacts (20140928103259)
  [1m[36m (47.0ms)[0m  [1mDROP TABLE `contacts`[0m
  [1m[35mSQL (39.9ms)[0m  DELETE FROM `schema_migrations` WHERE `schema_migrations`.`version` = '20140928103259'
  [1m[36mActiveRecord::SchemaMigration Load (0.4ms)[0m  [1mSELECT `schema_migrations`.* FROM `schema_migrations`[0m
  [1m[36mActiveRecord::SchemaMigration Load (0.1ms)[0m  [1mSELECT `schema_migrations`.* FROM `schema_migrations`[0m
  [1m[35mActiveRecord::SchemaMigration Load (0.1ms)[0m  SELECT `schema_migrations`.* FROM `schema_migrations`
Migrating to CreateEmails (20140928103116)
  [1m[36m (48.1ms)[0m  [1mDROP TABLE `emails`[0m
  [1m[35mSQL (47.7ms)[0m  DELETE FROM `schema_migrations` WHERE `schema_migrations`.`version` = '20140928103116'
  [1m[36mActiveRecord::SchemaMigration Load (0.5ms)[0m  [1mSELECT `schema_migrations`.* FROM `schema_migrations`[0m
  [1m[36mActiveRecord::SchemaMigration Load (0.1ms)[0m  [1mSELECT `schema_migrations`.* FROM `schema_migrations`[0m
  [1m[35mActiveRecord::SchemaMigration Load (0.1ms)[0m  SELECT `schema_migrations`.* FROM `schema_migrations`
Migrating to CreateMailboxes (20140928102421)
  [1m[36m (51.8ms)[0m  [1mDROP TABLE `mailboxes`[0m
  [1m[35mSQL (41.1ms)[0m  DELETE FROM `schema_migrations` WHERE `schema_migrations`.`version` = '20140928102421'
  [1m[36mActiveRecord::SchemaMigration Load (0.5ms)[0m  [1mSELECT `schema_migrations`.* FROM `schema_migrations`[0m
  [1m[36mActiveRecord::SchemaMigration Load (0.2ms)[0m  [1mSELECT `schema_migrations`.* FROM `schema_migrations`[0m
  [1m[35mActiveRecord::SchemaMigration Load (0.1ms)[0m  SELECT `schema_migrations`.* FROM `schema_migrations`
  [1m[36mActiveRecord::SchemaMigration Load (0.4ms)[0m  [1mSELECT `schema_migrations`.* FROM `schema_migrations`[0m
Migrating to CreateMailboxes (20140928102421)
  [1m[35m (75.4ms)[0m  CREATE TABLE `mailboxes` (`id` int(11) auto_increment PRIMARY KEY, `name` varchar(255), `email` varchar(255), `created_at` datetime, `updated_at` datetime) ENGINE=InnoDB
  [1m[36m (0.3ms)[0m  [1mBEGIN[0m
  [1m[35mSQL (0.5ms)[0m  INSERT INTO `schema_migrations` (`version`) VALUES ('20140928102421')
  [1m[36m (51.7ms)[0m  [1mCOMMIT[0m
Migrating to CreateEmails (20140928103116)
  [1m[35m (73.3ms)[0m  CREATE TABLE `emails` (`id` int(11) auto_increment PRIMARY KEY, `content` varchar(255), `mailboxes_id` int(11), `emails_id` int(11), `created_at` datetime, `updated_at` datetime) ENGINE=InnoDB
  [1m[36m (142.6ms)[0m  [1mCREATE  INDEX `index_emails_on_mailboxes_id`  ON `emails` (`mailboxes_id`) [0m
  [1m[35m (165.3ms)[0m  CREATE  INDEX `index_emails_on_emails_id`  ON `emails` (`emails_id`) 
  [1m[36m (0.3ms)[0m  [1mBEGIN[0m
  [1m[35mSQL (0.5ms)[0m  INSERT INTO `schema_migrations` (`version`) VALUES ('20140928103116')
  [1m[36m (39.7ms)[0m  [1mCOMMIT[0m
Migrating to CreateContacts (20140928103259)
  [1m[35m (88.0ms)[0m  CREATE TABLE `contacts` (`id` int(11) auto_increment PRIMARY KEY, `first_name` varchar(255), `last_name` varchar(255), `ph_no` varchar(255), `mailboxes_id` int(11), `created_at` datetime, `updated_at` datetime) ENGINE=InnoDB
  [1m[36m (154.7ms)[0m  [1mCREATE  INDEX `index_contacts_on_mailboxes_id`  ON `contacts` (`mailboxes_id`) [0m
  [1m[35m (0.1ms)[0m  BEGIN
  [1m[36mSQL (0.3ms)[0m  [1mINSERT INTO `schema_migrations` (`version`) VALUES ('20140928103259')[0m
  [1m[35m (42.3ms)[0m  COMMIT
Migrating to CreateReceivers (20140928103457)
  [1m[36m (88.0ms)[0m  [1mCREATE TABLE `receivers` (`id` int(11) auto_increment PRIMARY KEY, `emails_id` int(11), `mailboxes_id` int(11), `created_at` datetime, `updated_at` datetime) ENGINE=InnoDB[0m
  [1m[35m (178.1ms)[0m  CREATE  INDEX `index_receivers_on_emails_id`  ON `receivers` (`emails_id`) 
  [1m[36m (175.9ms)[0m  [1mCREATE  INDEX `index_receivers_on_mailboxes_id`  ON `receivers` (`mailboxes_id`) [0m
  [1m[35m (0.1ms)[0m  BEGIN
  [1m[36mSQL (0.3ms)[0m  [1mINSERT INTO `schema_migrations` (`version`) VALUES ('20140928103457')[0m
  [1m[35m (42.6ms)[0m  COMMIT
Migrating to CreateAttachments (20140928103551)
  [1m[36m (87.8ms)[0m  [1mCREATE TABLE `attachments` (`id` int(11) auto_increment PRIMARY KEY, `file_name` varchar(255), `file_type` varchar(255), `emails_id` int(11), `created_at` datetime, `updated_at` datetime) ENGINE=InnoDB[0m
  [1m[35m (385.7ms)[0m  CREATE  INDEX `index_attachments_on_emails_id`  ON `attachments` (`emails_id`) 
  [1m[36m (0.1ms)[0m  [1mBEGIN[0m
  [1m[35mSQL (0.3ms)[0m  INSERT INTO `schema_migrations` (`version`) VALUES ('20140928103551')
  [1m[36m (31.3ms)[0m  [1mCOMMIT[0m
  [1m[35mActiveRecord::SchemaMigration Load (0.4ms)[0m  SELECT `schema_migrations`.* FROM `schema_migrations`
  [1m[36mActiveRecord::SchemaMigration Load (0.2ms)[0m  [1mSELECT `schema_migrations`.* FROM `schema_migrations`[0m
  [1m[35mActiveRecord::SchemaMigration Load (0.4ms)[0m  SELECT `schema_migrations`.* FROM `schema_migrations`
Migrating to CreateAttachments (20140928103551)
  [1m[36m (62.0ms)[0m  [1mDROP TABLE `attachments`[0m
  [1m[35mSQL (39.9ms)[0m  DELETE FROM `schema_migrations` WHERE `schema_migrations`.`version` = '20140928103551'
  [1m[36mActiveRecord::SchemaMigration Load (0.2ms)[0m  [1mSELECT `schema_migrations`.* FROM `schema_migrations`[0m
  [1m[36mActiveRecord::SchemaMigration Load (0.3ms)[0m  [1mSELECT `schema_migrations`.* FROM `schema_migrations`[0m
  [1m[35mActiveRecord::SchemaMigration Load (0.4ms)[0m  SELECT `schema_migrations`.* FROM `schema_migrations`
Migrating to CreateReceivers (20140928103457)
  [1m[36m (49.0ms)[0m  [1mDROP TABLE `receivers`[0m
  [1m[35mSQL (40.3ms)[0m  DELETE FROM `schema_migrations` WHERE `schema_migrations`.`version` = '20140928103457'
  [1m[36mActiveRecord::SchemaMigration Load (0.4ms)[0m  [1mSELECT `schema_migrations`.* FROM `schema_migrations`[0m
  [1m[36mActiveRecord::SchemaMigration Load (0.3ms)[0m  [1mSELECT `schema_migrations`.* FROM `schema_migrations`[0m
  [1m[35mActiveRecord::SchemaMigration Load (0.2ms)[0m  SELECT `schema_migrations`.* FROM `schema_migrations`
Migrating to CreateContacts (20140928103259)
  [1m[36m (43.1ms)[0m  [1mDROP TABLE `contacts`[0m
  [1m[35mSQL (39.9ms)[0m  DELETE FROM `schema_migrations` WHERE `schema_migrations`.`version` = '20140928103259'
  [1m[36mActiveRecord::SchemaMigration Load (0.5ms)[0m  [1mSELECT `schema_migrations`.* FROM `schema_migrations`[0m
  [1m[36mActiveRecord::SchemaMigration Load (0.3ms)[0m  [1mSELECT `schema_migrations`.* FROM `schema_migrations`[0m
  [1m[35mActiveRecord::SchemaMigration Load (0.3ms)[0m  SELECT `schema_migrations`.* FROM `schema_migrations`
Migrating to CreateEmails (20140928103116)
  [1m[36m (46.0ms)[0m  [1mDROP TABLE `emails`[0m
  [1m[35mSQL (47.4ms)[0m  DELETE FROM `schema_migrations` WHERE `schema_migrations`.`version` = '20140928103116'
  [1m[36mActiveRecord::SchemaMigration Load (0.6ms)[0m  [1mSELECT `schema_migrations`.* FROM `schema_migrations`[0m
  [1m[36mActiveRecord::SchemaMigration Load (0.4ms)[0m  [1mSELECT `schema_migrations`.* FROM `schema_migrations`[0m
  [1m[35mActiveRecord::SchemaMigration Load (0.3ms)[0m  SELECT `schema_migrations`.* FROM `schema_migrations`
Migrating to CreateMailboxes (20140928102421)
  [1m[36m (48.1ms)[0m  [1mDROP TABLE `mailboxes`[0m
  [1m[35mSQL (47.7ms)[0m  DELETE FROM `schema_migrations` WHERE `schema_migrations`.`version` = '20140928102421'
  [1m[36mActiveRecord::SchemaMigration Load (0.5ms)[0m  [1mSELECT `schema_migrations`.* FROM `schema_migrations`[0m
  [1m[36mActiveRecord::SchemaMigration Load (0.2ms)[0m  [1mSELECT `schema_migrations`.* FROM `schema_migrations`[0m
  [1m[35mActiveRecord::SchemaMigration Load (0.2ms)[0m  SELECT `schema_migrations`.* FROM `schema_migrations`
  [1m[36mActiveRecord::SchemaMigration Load (0.2ms)[0m  [1mSELECT `schema_migrations`.* FROM `schema_migrations`[0m
Migrating to CreateMailboxes (20140928102421)
  [1m[35m (85.6ms)[0m  CREATE TABLE `mailboxes` (`id` int(11) auto_increment PRIMARY KEY, `name` varchar(255), `email` varchar(255), `created_at` datetime, `updated_at` datetime) ENGINE=InnoDB
  [1m[36m (0.2ms)[0m  [1mBEGIN[0m
  [1m[35mSQL (0.5ms)[0m  INSERT INTO `schema_migrations` (`version`) VALUES ('20140928102421')
  [1m[36m (47.3ms)[0m  [1mCOMMIT[0m
Migrating to CreateEmails (20140928103116)
  [1m[35m (84.9ms)[0m  CREATE TABLE `emails` (`id` int(11) auto_increment PRIMARY KEY, `content` varchar(255), `mailbox_id` int(11), `email_id` int(11), `created_at` datetime, `updated_at` datetime) ENGINE=InnoDB
  [1m[36m (164.3ms)[0m  [1mCREATE  INDEX `index_emails_on_mailbox_id`  ON `emails` (`mailbox_id`) [0m
  [1m[35m (154.2ms)[0m  CREATE  INDEX `index_emails_on_email_id`  ON `emails` (`email_id`) 
  [1m[36m (0.3ms)[0m  [1mBEGIN[0m
  [1m[35mSQL (0.6ms)[0m  INSERT INTO `schema_migrations` (`version`) VALUES ('20140928103116')
  [1m[36m (27.8ms)[0m  [1mCOMMIT[0m
Migrating to CreateContacts (20140928103259)
  [1m[35m (74.2ms)[0m  CREATE TABLE `contacts` (`id` int(11) auto_increment PRIMARY KEY, `first_name` varchar(255), `last_name` varchar(255), `ph_no` varchar(255), `mailbox_id` int(11), `created_at` datetime, `updated_at` datetime) ENGINE=InnoDB
  [1m[36m (178.1ms)[0m  [1mCREATE  INDEX `index_contacts_on_mailbox_id`  ON `contacts` (`mailbox_id`) [0m
  [1m[35m (0.3ms)[0m  BEGIN
  [1m[36mSQL (0.5ms)[0m  [1mINSERT INTO `schema_migrations` (`version`) VALUES ('20140928103259')[0m
  [1m[35m (39.5ms)[0m  COMMIT
Migrating to CreateReceivers (20140928103457)
  [1m[36m (87.9ms)[0m  [1mCREATE TABLE `receivers` (`id` int(11) auto_increment PRIMARY KEY, `email_id` int(11), `mailbox_id` int(11), `created_at` datetime, `updated_at` datetime) ENGINE=InnoDB[0m
  [1m[35m (165.4ms)[0m  CREATE  INDEX `index_receivers_on_email_id`  ON `receivers` (`email_id`) 
  [1m[36m (164.9ms)[0m  [1mCREATE  INDEX `index_receivers_on_mailbox_id`  ON `receivers` (`mailbox_id`) [0m
  [1m[35m (0.1ms)[0m  BEGIN
  [1m[36mSQL (0.2ms)[0m  [1mINSERT INTO `schema_migrations` (`version`) VALUES ('20140928103457')[0m
  [1m[35m (42.7ms)[0m  COMMIT
Migrating to CreateAttachments (20140928103551)
  [1m[36m (87.7ms)[0m  [1mCREATE TABLE `attachments` (`id` int(11) auto_increment PRIMARY KEY, `file_name` varchar(255), `file_type` varchar(255), `email_id` int(11), `created_at` datetime, `updated_at` datetime) ENGINE=InnoDB[0m
  [1m[35m (165.4ms)[0m  CREATE  INDEX `index_attachments_on_email_id`  ON `attachments` (`email_id`) 
  [1m[36m (0.2ms)[0m  [1mBEGIN[0m
  [1m[35mSQL (0.1ms)[0m  INSERT INTO `schema_migrations` (`version`) VALUES ('20140928103551')
  [1m[36m (42.2ms)[0m  [1mCOMMIT[0m
  [1m[35mActiveRecord::SchemaMigration Load (0.5ms)[0m  SELECT `schema_migrations`.* FROM `schema_migrations`
  [1m[35m (0.3ms)[0m  BEGIN
  [1m[36mSQL (0.6ms)[0m  [1mINSERT INTO `mailboxes` (`created_at`, `updated_at`) VALUES ('2014-09-28 14:00:03', '2014-09-28 14:00:03')[0m
  [1m[35m (51.2ms)[0m  COMMIT
  [1m[36mMailbox Load (0.8ms)[0m  [1mSELECT  `mailboxes`.* FROM `mailboxes`   ORDER BY `mailboxes`.`id` ASC LIMIT 1[0m
  [1m[35mEmail Load (0.6ms)[0m  SELECT `emails`.* FROM `emails`  WHERE `emails`.`mailbox_id` = 1
  [1m[36mMailbox Load (0.2ms)[0m  [1mSELECT  `mailboxes`.* FROM `mailboxes`   ORDER BY `mailboxes`.`id` ASC LIMIT 1[0m
  [1m[35mMailbox Load (0.5ms)[0m  SELECT  `mailboxes`.* FROM `mailboxes`   ORDER BY `mailboxes`.`id` ASC LIMIT 1
  [1m[36mMailbox Load (0.4ms)[0m  [1mSELECT  `mailboxes`.* FROM `mailboxes`   ORDER BY `mailboxes`.`id` ASC LIMIT 1[0m
  [1m[35mMailbox Load (0.4ms)[0m  SELECT  `mailboxes`.* FROM `mailboxes`   ORDER BY `mailboxes`.`id` ASC LIMIT 1
  [1m[36m (0.3ms)[0m  [1mBEGIN[0m
  [1m[35mSQL (0.5ms)[0m  INSERT INTO `emails` (`created_at`, `mailbox_id`, `updated_at`) VALUES ('2014-09-28 14:01:44', 1, '2014-09-28 14:01:44')
  [1m[36m (39.7ms)[0m  [1mCOMMIT[0m
  [1m[35mMailbox Load (0.4ms)[0m  SELECT  `mailboxes`.* FROM `mailboxes`   ORDER BY `mailboxes`.`id` ASC LIMIT 1
  [1m[36mEmail Load (0.8ms)[0m  [1mSELECT  `emails`.* FROM `emails`  WHERE `emails`.`mailbox_id` = 1  ORDER BY `emails`.`id` ASC LIMIT 1[0m
  [1m[35mMailbox Load (0.4ms)[0m  SELECT  `mailboxes`.* FROM `mailboxes`   ORDER BY `mailboxes`.`id` ASC LIMIT 1
  [1m[36mEmail Load (0.4ms)[0m  [1mSELECT  `emails`.* FROM `emails`  WHERE `emails`.`mailbox_id` = 1  ORDER BY `emails`.`id` ASC LIMIT 1[0m
  [1m[35m (0.3ms)[0m  BEGIN
  [1m[36m (0.2ms)[0m  [1mROLLBACK[0m
  [1m[35mMailbox Load (0.3ms)[0m  SELECT  `mailboxes`.* FROM `mailboxes`   ORDER BY `mailboxes`.`id` ASC LIMIT 1
  [1m[36mEmail Load (0.4ms)[0m  [1mSELECT  `emails`.* FROM `emails`  WHERE `emails`.`mailbox_id` = 1  ORDER BY `emails`.`id` ASC LIMIT 1[0m
  [1m[35m (0.4ms)[0m  BEGIN
  [1m[36mSQL (0.5ms)[0m  [1mINSERT INTO `receivers` (`created_at`, `email_id`, `mailbox_id`, `updated_at`) VALUES ('2014-09-28 14:02:37', 1, 3, '2014-09-28 14:02:37')[0m
  [1m[35m (38.3ms)[0m  COMMIT
  [1m[36m (0.2ms)[0m  [1mBEGIN[0m
  [1m[35mSQL (0.5ms)[0m  INSERT INTO `mailboxes` (`created_at`, `updated_at`) VALUES ('2014-09-28 17:15:59', '2014-09-28 17:15:59')
  [1m[36m (40.9ms)[0m  [1mCOMMIT[0m
  [1m[35m (0.3ms)[0m  BEGIN
  [1m[36mSQL (0.5ms)[0m  [1mINSERT INTO `emails` (`created_at`, `mailbox_id`, `updated_at`) VALUES ('2014-09-28 17:18:26', 2, '2014-09-28 17:18:26')[0m
  [1m[35m (44.6ms)[0m  COMMIT
  [1m[36mEmail Load (0.9ms)[0m  [1mSELECT  `emails`.* FROM `emails`  WHERE `emails`.`mailbox_id` = 2  ORDER BY `emails`.`id` ASC LIMIT 1[0m
  [1m[35m (0.3ms)[0m  BEGIN
  [1m[36mSQL (0.5ms)[0m  [1mINSERT INTO `receivers` (`created_at`, `email_id`, `updated_at`) VALUES ('2014-09-28 17:18:53', 2, '2014-09-28 17:18:53')[0m
  [1m[35m (45.2ms)[0m  COMMIT
  [1m[36mEmail Load (0.4ms)[0m  [1mSELECT  `emails`.* FROM `emails`  WHERE `emails`.`mailbox_id` = 2  ORDER BY `emails`.`id` ASC LIMIT 1[0m
  [1m[35mReceiver Load (0.8ms)[0m  SELECT  `receivers`.* FROM `receivers`  WHERE `receivers`.`email_id` = 2  ORDER BY `receivers`.`id` ASC LIMIT 1
  [1m[36mEmail Load (0.4ms)[0m  [1mSELECT  `emails`.* FROM `emails`  WHERE `emails`.`mailbox_id` = 2  ORDER BY `emails`.`id` ASC LIMIT 1[0m
  [1m[35mReceiver Load (0.4ms)[0m  SELECT  `receivers`.* FROM `receivers`  WHERE `receivers`.`email_id` = 2  ORDER BY `receivers`.`id` ASC LIMIT 1
  [1m[36mEmail Load (0.8ms)[0m  [1mSELECT `emails`.* FROM `emails`  WHERE `emails`.`mailbox_id` = 2[0m
  [1m[35mReceiver Load (0.7ms)[0m  SELECT `receivers`.* FROM `receivers`  WHERE `receivers`.`email_id` = 2
  [1m[36m (0.3ms)[0m  [1mBEGIN[0m
  [1m[35m (0.2ms)[0m  ROLLBACK
  [1m[36m (0.3ms)[0m  [1mBEGIN[0m
  [1m[35m (0.2ms)[0m  ROLLBACK
  [1m[36m (0.4ms)[0m  [1mBEGIN[0m
  [1m[35m (0.3ms)[0m  ROLLBACK
  [1m[36mMailbox Load (0.7ms)[0m  [1mSELECT  `mailboxes`.* FROM `mailboxes`   ORDER BY `mailboxes`.`id` ASC LIMIT 1[0m
  [1m[35mEmail Load (0.7ms)[0m  SELECT `emails`.* FROM `emails`  WHERE `emails`.`mailbox_id` = 1
  [1m[36mMailbox Load (0.7ms)[0m  [1mSELECT `mailboxes`.* FROM `mailboxes`[0m
  [1m[35mSQL (99.9ms)[0m  DELETE FROM `emails`
  [1m[36mSQL (93.4ms)[0m  [1mDELETE FROM `mailboxes`[0m
  [1m[35mSQL (96.9ms)[0m  DELETE FROM `receivers`
  [1m[36m (0.2ms)[0m  [1mBEGIN[0m
  [1m[35mSQL (0.5ms)[0m  INSERT INTO `mailboxes` (`created_at`, `email`, `name`, `updated_at`) VALUES ('2014-09-30 08:41:37', 'shiksha@vinsol.com', 's', '2014-09-30 08:41:37')
  [1m[36m (1213.2ms)[0m  [1mCOMMIT[0m
  [1m[35m (0.1ms)[0m  BEGIN
  [1m[36mSQL (0.6ms)[0m  [1mINSERT INTO `emails` (`content`, `created_at`, `mailbox_id`, `updated_at`) VALUES ('sdf', '2014-09-30 08:42:42', 3, '2014-09-30 08:42:42')[0m
  [1m[35m (87.5ms)[0m  COMMIT
  [1m[36mEmail Load (0.8ms)[0m  [1mSELECT `emails`.* FROM `emails`  WHERE `emails`.`mailbox_id` = 3[0m
  [1m[35mReceiver Load (0.7ms)[0m  SELECT `receivers`.* FROM `receivers`  WHERE `receivers`.`email_id` = 3
  [1m[36mMailbox Load (0.6ms)[0m  [1mSELECT `mailboxes`.* FROM `mailboxes`[0m
  [1m[35m (0.3ms)[0m  BEGIN
  [1m[36mSQL (0.4ms)[0m  [1mINSERT INTO `mailboxes` (`created_at`, `email`, `name`, `updated_at`) VALUES ('2014-09-30 08:49:41', 'amit@vinsol.com', 'amit', '2014-09-30 08:49:41')[0m
  [1m[35m (100.3ms)[0m  COMMIT
  [1m[36m (0.4ms)[0m  [1mBEGIN[0m
  [1m[35mSQL (0.5ms)[0m  INSERT INTO `receivers` (`created_at`, `email_id`, `mailbox_id`, `updated_at`) VALUES ('2014-09-30 08:50:05', 3, 4, '2014-09-30 08:50:05')
  [1m[36m (91.3ms)[0m  [1mCOMMIT[0m
  [1m[35mMailbox Load (0.7ms)[0m  SELECT  `mailboxes`.* FROM `mailboxes`  WHERE `mailboxes`.`id` = 4 LIMIT 1
  [1m[36mMailbox Load (0.8ms)[0m  [1mSELECT `mailboxes`.* FROM `mailboxes` INNER JOIN `receivers` ON `mailboxes`.`id` = `receivers`.`mailbox_id` WHERE `receivers`.`email_id` = 3[0m
  [1m[35mMailbox Load (0.4ms)[0m  SELECT  `mailboxes`.* FROM `mailboxes`  WHERE `mailboxes`.`id` = 4 LIMIT 1
  [1m[36m (0.4ms)[0m  [1mBEGIN[0m
  [1m[35m (0.3ms)[0m  ROLLBACK
  [1m[36mMailbox Load (0.4ms)[0m  [1mSELECT  `mailboxes`.* FROM `mailboxes`  WHERE `mailboxes`.`id` = 4 LIMIT 1[0m
  [1m[35m (0.3ms)[0m  BEGIN
  [1m[36mSQL (0.6ms)[0m  [1mINSERT INTO `emails` (`content`, `created_at`, `email_id`, `mailbox_id`, `updated_at`) VALUES ('d', '2014-09-30 08:54:55', 3, 4, '2014-09-30 08:54:55')[0m
  [1m[35m (96.7ms)[0m  COMMIT
  [1m[36mMailbox Load (0.7ms)[0m  [1mSELECT  `mailboxes`.* FROM `mailboxes`   ORDER BY `mailboxes`.`id` ASC LIMIT 1[0m
  [1m[35mEmail Load (0.9ms)[0m  SELECT `emails`.* FROM `emails`  WHERE `emails`.`mailbox_id` = 3
  [1m[36mEmail Load (0.8ms)[0m  [1mSELECT `emails`.* FROM `emails`  WHERE `emails`.`email_id` = 3[0m
  [1m[35m (0.3ms)[0m  BEGIN
  [1m[36mSQL (0.6ms)[0m  [1mINSERT INTO `contacts` (`created_at`, `mailbox_id`, `updated_at`) VALUES ('2014-09-30 08:56:57', 3, '2014-09-30 08:56:57')[0m
  [1m[35m (59.7ms)[0m  COMMIT
  [1m[36mContact Load (0.9ms)[0m  [1mSELECT `contacts`.* FROM `contacts`  WHERE `contacts`.`mailbox_id` = 3[0m
  [1m[36mMailbox Load (0.2ms)[0m  [1mSELECT  `mailboxes`.* FROM `mailboxes`   ORDER BY `mailboxes`.`id` ASC LIMIT 1[0m
  [1m[35mContact Load (0.4ms)[0m  SELECT `contacts`.* FROM `contacts`  WHERE `contacts`.`mailbox_id` = 3
  [1m[36mMailbox Load (0.8ms)[0m  [1mSELECT `mailboxes`.* FROM `mailboxes` INNER JOIN `contacts` ON `mailboxes`.`id` = `contacts`.`mailbox_id` WHERE `contacts`.`mailbox_id` = 3[0m
  [1m[36mActiveRecord::SchemaMigration Load (0.4ms)[0m  [1mSELECT `schema_migrations`.* FROM `schema_migrations`[0m
Migrating to CreateUsers (20140929140630)
  [1m[35m (164.0ms)[0m  CREATE TABLE `users` (`id` int(11) auto_increment PRIMARY KEY, `children` varchar(255), `created_at` datetime, `updated_at` datetime) ENGINE=InnoDB
  [1m[36m (0.1ms)[0m  [1mBEGIN[0m
  [1m[35mSQL (0.4ms)[0m  INSERT INTO `schema_migrations` (`version`) VALUES ('20140929140630')
  [1m[36m (39.1ms)[0m  [1mCOMMIT[0m
Migrating to AddColumnToContacts (20140930092720)
  [1m[35m (276.1ms)[0m  ALTER TABLE `contacts` ADD `contact_mailbox_id` int(11)
  [1m[36m (0.3ms)[0m  [1mBEGIN[0m
  [1m[35mSQL (0.4ms)[0m  INSERT INTO `schema_migrations` (`version`) VALUES ('20140930092720')
  [1m[36m (39.9ms)[0m  [1mCOMMIT[0m
  [1m[35mActiveRecord::SchemaMigration Load (0.5ms)[0m  SELECT `schema_migrations`.* FROM `schema_migrations`
  [1m[35m (0.4ms)[0m  BEGIN
  [1m[36m (0.2ms)[0m  [1mROLLBACK[0m
  [1m[35m (0.3ms)[0m  BEGIN
  [1m[36m (0.3ms)[0m  [1mROLLBACK[0m
  [1m[35m (0.3ms)[0m  BEGIN
  [1m[36m (0.3ms)[0m  [1mROLLBACK[0m
  [1m[35m (0.4ms)[0m  BEGIN
  [1m[36m (0.3ms)[0m  [1mROLLBACK[0m
  [1m[35m (0.4ms)[0m  BEGIN
  [1m[36m (0.3ms)[0m  [1mROLLBACK[0m
  [1m[36mActiveRecord::SchemaMigration Load (0.4ms)[0m  [1mSELECT `schema_migrations`.* FROM `schema_migrations`[0m
Migrating to AddColumnToEmail (20140930131734)
  [1m[35m (334.4ms)[0m  ALTER TABLE `emails` ADD `receiver_count` int(11)
  [1m[36m (0.3ms)[0m  [1mBEGIN[0m
  [1m[35mSQL (0.5ms)[0m  INSERT INTO `schema_migrations` (`version`) VALUES ('20140930131734')
  [1m[36m (47.8ms)[0m  [1mCOMMIT[0m
  [1m[35mActiveRecord::SchemaMigration Load (0.5ms)[0m  SELECT `schema_migrations`.* FROM `schema_migrations`
  [1m[36mActiveRecord::SchemaMigration Load (0.2ms)[0m  [1mSELECT `schema_migrations`.* FROM `schema_migrations`[0m
Migrating to AddSti (20141001041338)
  [1m[35m (249.9ms)[0m  ALTER TABLE `attachments` CHANGE `file_type` `type` varchar(255) DEFAULT NULL
  [1m[36m (0.3ms)[0m  [1mBEGIN[0m
  [1m[35mSQL (0.6ms)[0m  INSERT INTO `schema_migrations` (`version`) VALUES ('20141001041338')
  [1m[36m (44.6ms)[0m  [1mCOMMIT[0m
  [1m[35mActiveRecord::SchemaMigration Load (0.5ms)[0m  SELECT `schema_migrations`.* FROM `schema_migrations`
  [1m[36mMailbox Load (0.2ms)[0m  [1mSELECT  `mailboxes`.* FROM `mailboxes`   ORDER BY `mailboxes`.`id` ASC LIMIT 1[0m
  [1m[35m (0.4ms)[0m  BEGIN
  [1m[36mSQL (0.5ms)[0m  [1mINSERT INTO `emails` (`content`, `created_at`, `mailbox_id`, `updated_at`) VALUES ('d', '2014-10-01 04:39:57', 3, '2014-10-01 04:39:57')[0m
  [1m[35m (51.2ms)[0m  COMMIT
  [1m[36mEmail Load (1.0ms)[0m  [1mSELECT  `emails`.* FROM `emails`  WHERE `emails`.`mailbox_id` = 3  ORDER BY `emails`.`id` ASC LIMIT 1[0m
  [1m[35mEmail Load (0.4ms)[0m  SELECT  `emails`.* FROM `emails`  WHERE `emails`.`mailbox_id` = 3  ORDER BY `emails`.`id` ASC LIMIT 1
  [1m[36mReceiver Load (0.8ms)[0m  [1mSELECT `receivers`.* FROM `receivers`  WHERE `receivers`.`email_id` = 3[0m
  [1m[35mEmail Load (0.4ms)[0m  SELECT  `emails`.* FROM `emails`  WHERE `emails`.`mailbox_id` = 3  ORDER BY `emails`.`id` ASC LIMIT 1
  [1m[36mEmail Load (0.3ms)[0m  [1mSELECT  `emails`.* FROM `emails`  WHERE `emails`.`mailbox_id` = 3  ORDER BY `emails`.`id` ASC LIMIT 1[0m
  [1m[35mEmail Load (0.4ms)[0m  SELECT  `emails`.* FROM `emails`  WHERE `emails`.`mailbox_id` = 3  ORDER BY `emails`.`id` ASC LIMIT 1
  [1m[36mReceiver Load (0.3ms)[0m  [1mSELECT `receivers`.* FROM `receivers`  WHERE `receivers`.`email_id` = 3[0m
  [1m[35mEmail Load (0.4ms)[0m  SELECT  `emails`.* FROM `emails`  WHERE `emails`.`mailbox_id` = 3  ORDER BY `emails`.`id` ASC LIMIT 1
  [1m[36mSQL (62.7ms)[0m  [1mUPDATE `receivers` SET `receivers`.`email_id` = NULL WHERE `receivers`.`email_id` = 3[0m
  [1m[35mEmail Load (0.3ms)[0m  SELECT  `emails`.* FROM `emails`  WHERE `emails`.`mailbox_id` = 3  ORDER BY `emails`.`id` ASC LIMIT 1
  [1m[36mReceiver Load (0.6ms)[0m  [1mSELECT `receivers`.* FROM `receivers`  WHERE `receivers`.`email_id` = 3[0m
  [1m[35mEmail Load (0.3ms)[0m  SELECT  `emails`.* FROM `emails`  WHERE `emails`.`mailbox_id` = 3  ORDER BY `emails`.`id` ASC LIMIT 1
  [1m[36m (0.2ms)[0m  [1mBEGIN[0m
  [1m[35m (0.2ms)[0m  ROLLBACK
  [1m[36mEmail Load (0.4ms)[0m  [1mSELECT  `emails`.* FROM `emails`  WHERE `emails`.`mailbox_id` = 3  ORDER BY `emails`.`id` ASC LIMIT 1[0m
  [1m[35m (0.3ms)[0m  BEGIN
  [1m[36mSQL (0.6ms)[0m  [1mINSERT INTO `receivers` (`created_at`, `email_id`, `mailbox_id`, `updated_at`) VALUES ('2014-10-01 04:42:54', 3, 4, '2014-10-01 04:42:54')[0m
  [1m[35mSQL (0.7ms)[0m  UPDATE `emails` SET `receivers_count` = COALESCE(`receivers_count`, 0) + 1 WHERE `emails`.`id` = 3
Mysql2::Error: Unknown column 'receivers_count' in 'field list': UPDATE `emails` SET `receivers_count` = COALESCE(`receivers_count`, 0) + 1 WHERE `emails`.`id` = 3
  [1m[36m (71.5ms)[0m  [1mROLLBACK[0m
  [1m[35mEmail Load (0.4ms)[0m  SELECT  `emails`.* FROM `emails`  WHERE `emails`.`mailbox_id` = 3  ORDER BY `emails`.`id` ASC LIMIT 1
  [1m[36m (0.3ms)[0m  [1mBEGIN[0m
  [1m[35mSQL (0.5ms)[0m  INSERT INTO `receivers` (`created_at`, `email_id`, `mailbox_id`, `updated_at`) VALUES ('2014-10-01 04:44:27', 3, 4, '2014-10-01 04:44:27')
  [1m[36mSQL (0.7ms)[0m  [1mUPDATE `emails` SET `receivers_count` = COALESCE(`receivers_count`, 0) + 1 WHERE `emails`.`id` = 3[0m
Mysql2::Error: Unknown column 'receivers_count' in 'field list': UPDATE `emails` SET `receivers_count` = COALESCE(`receivers_count`, 0) + 1 WHERE `emails`.`id` = 3
  [1m[35m (61.9ms)[0m  ROLLBACK
  [1m[36mEmail Load (0.4ms)[0m  [1mSELECT  `emails`.* FROM `emails`  WHERE `emails`.`mailbox_id` = 3  ORDER BY `emails`.`id` ASC LIMIT 1[0m
  [1m[35m (0.3ms)[0m  BEGIN
  [1m[36mSQL (0.3ms)[0m  [1mINSERT INTO `receivers` (`created_at`, `email_id`, `mailbox_id`, `updated_at`) VALUES ('2014-10-01 04:44:32', 3, 4, '2014-10-01 04:44:32')[0m
  [1m[35mSQL (0.6ms)[0m  UPDATE `emails` SET `receivers_count` = COALESCE(`receivers_count`, 0) + 1 WHERE `emails`.`id` = 3
Mysql2::Error: Unknown column 'receivers_count' in 'field list': UPDATE `emails` SET `receivers_count` = COALESCE(`receivers_count`, 0) + 1 WHERE `emails`.`id` = 3
  [1m[36m (96.0ms)[0m  [1mROLLBACK[0m
  [1m[36mMailbox Load (0.4ms)[0m  [1mSELECT  `mailboxes`.* FROM `mailboxes`   ORDER BY `mailboxes`.`id` ASC LIMIT 1[0m
  [1m[35mMailbox Load (0.4ms)[0m  SELECT  `mailboxes`.* FROM `mailboxes`   ORDER BY `mailboxes`.`id` ASC LIMIT 1
  [1m[36mEmail Load (0.1ms)[0m  [1mSELECT  `emails`.* FROM `emails`  WHERE `emails`.`mailbox_id` = 3  ORDER BY `emails`.`id` ASC LIMIT 1[0m
  [1m[35mReceiver Load (0.7ms)[0m  SELECT `receivers`.* FROM `receivers`  WHERE `receivers`.`email_id` = 3
  [1m[36m (0.3ms)[0m  [1mBEGIN[0m
  [1m[35mSQL (0.3ms)[0m  INSERT INTO `receivers` (`created_at`, `email_id`, `mailbox_id`, `updated_at`) VALUES ('2014-10-01 04:47:54', 3, 4, '2014-10-01 04:47:54')
  [1m[36m (90.1ms)[0m  [1mCOMMIT[0m
  [1m[35mMailbox Load (0.4ms)[0m  SELECT  `mailboxes`.* FROM `mailboxes`   ORDER BY `mailboxes`.`id` ASC LIMIT 1
  [1m[36mContact Load (0.7ms)[0m  [1mSELECT `contacts`.* FROM `contacts`  WHERE `contacts`.`mailbox_id` = 3[0m
  [1m[35mMailbox Load (1.0ms)[0m  SELECT  `mailboxes`.* FROM `mailboxes`  WHERE `mailboxes`.`id` = 3 LIMIT 1
  [1m[36mContact Load (0.4ms)[0m  [1mSELECT `contacts`.* FROM `contacts`  WHERE `contacts`.`mailbox_id` = 3[0m
  [1m[35mMailbox Load (0.3ms)[0m  SELECT  `mailboxes`.* FROM `mailboxes`   ORDER BY `mailboxes`.`id` ASC LIMIT 1
  [1m[36mContact Load (0.3ms)[0m  [1mSELECT `contacts`.* FROM `contacts`  WHERE `contacts`.`mailbox_id` = 3[0m
  [1m[35mMailbox Load (0.5ms)[0m  SELECT  `mailboxes`.* FROM `mailboxes`   ORDER BY `mailboxes`.`id` ASC LIMIT 1
  [1m[36mMailbox Load (0.4ms)[0m  [1mSELECT  `mailboxes`.* FROM `mailboxes`   ORDER BY `mailboxes`.`id` ASC LIMIT 1[0m
  [1m[35mMailbox Load (0.8ms)[0m  SELECT `mailboxes`.* FROM `mailboxes` INNER JOIN `contacts` ON `mailboxes`.`id` = `contacts`.`contact_mailbox_id` WHERE `contacts`.`mailbox_id` = 3
  [1m[36mMailbox Load (0.2ms)[0m  [1mSELECT  `mailboxes`.* FROM `mailboxes`   ORDER BY `mailboxes`.`id` ASC LIMIT 1[0m
  [1m[35mMailbox Load (0.2ms)[0m  SELECT `mailboxes`.* FROM `mailboxes` INNER JOIN `contacts` ON `mailboxes`.`id` = `contacts`.`contact_mailbox_id` WHERE `contacts`.`mailbox_id` = 3
  [1m[36mMailbox Load (0.4ms)[0m  [1mSELECT  `mailboxes`.* FROM `mailboxes`   ORDER BY `mailboxes`.`id` ASC LIMIT 1[0m
  [1m[35m (0.3ms)[0m  BEGIN
  [1m[36mSQL (0.6ms)[0m  [1mINSERT INTO `contacts` (`contact_mailbox_id`, `created_at`, `mailbox_id`, `updated_at`) VALUES (4, '2014-10-01 04:54:50', 3, '2014-10-01 04:54:50')[0m
  [1m[35m (51.2ms)[0m  COMMIT
  [1m[36mMailbox Load (0.4ms)[0m  [1mSELECT  `mailboxes`.* FROM `mailboxes`   ORDER BY `mailboxes`.`id` ASC LIMIT 1[0m
  [1m[35mMailbox Load (0.8ms)[0m  SELECT `mailboxes`.* FROM `mailboxes` INNER JOIN `contacts` ON `mailboxes`.`id` = `contacts`.`contact_mailbox_id` WHERE `contacts`.`mailbox_id` = 3
  [1m[36mMailbox Load (0.4ms)[0m  [1mSELECT  `mailboxes`.* FROM `mailboxes`   ORDER BY `mailboxes`.`id` ASC LIMIT 1[0m
  [1m[35mMailbox Load (0.4ms)[0m  SELECT `mailboxes`.* FROM `mailboxes` INNER JOIN `contacts` ON `mailboxes`.`id` = `contacts`.`contact_mailbox_id` WHERE `contacts`.`mailbox_id` = 3
  [1m[36mMailbox Load (0.3ms)[0m  [1mSELECT  `mailboxes`.* FROM `mailboxes`   ORDER BY `mailboxes`.`id` ASC LIMIT 1[0m
  [1m[35mEmail Load (0.2ms)[0m  SELECT  `emails`.* FROM `emails`  WHERE `emails`.`mailbox_id` = 3  ORDER BY `emails`.`id` ASC LIMIT 1
  [1m[36mMailbox Load (0.4ms)[0m  [1mSELECT  `mailboxes`.* FROM `mailboxes`   ORDER BY `mailboxes`.`id` ASC LIMIT 1[0m
  [1m[35mEmail Load (0.4ms)[0m  SELECT  `emails`.* FROM `emails`  WHERE `emails`.`mailbox_id` = 3  ORDER BY `emails`.`id` ASC LIMIT 1
  [1m[36mAttachment Load (0.4ms)[0m  [1mSELECT `attachments`.* FROM `attachments`  WHERE `attachments`.`email_id` = 3[0m
  [1m[35mMailbox Load (0.4ms)[0m  SELECT  `mailboxes`.* FROM `mailboxes`   ORDER BY `mailboxes`.`id` ASC LIMIT 1
  [1m[36mEmail Load (0.3ms)[0m  [1mSELECT  `emails`.* FROM `emails`  WHERE `emails`.`mailbox_id` = 3  ORDER BY `emails`.`id` ASC LIMIT 1[0m
  [1m[35mAttachment Load (0.7ms)[0m  SELECT `attachments`.* FROM `attachments`  WHERE `attachments`.`email_id` = 3 AND `attachments`.`type` = 'Text'
  [1m[36mMailbox Load (0.4ms)[0m  [1mSELECT  `mailboxes`.* FROM `mailboxes`   ORDER BY `mailboxes`.`id` ASC LIMIT 1[0m
  [1m[35mEmail Load (0.4ms)[0m  SELECT  `emails`.* FROM `emails`  WHERE `emails`.`mailbox_id` = 3  ORDER BY `emails`.`id` ASC LIMIT 1
  [1m[36m (0.4ms)[0m  [1mBEGIN[0m
  [1m[35mSQL (0.5ms)[0m  INSERT INTO `attachments` (`created_at`, `email_id`, `type`, `updated_at`) VALUES ('2014-10-01 04:57:48', 3, 'Text', '2014-10-01 04:57:48')
  [1m[36m (52.4ms)[0m  [1mCOMMIT[0m
  [1m[35mMailbox Load (0.4ms)[0m  SELECT  `mailboxes`.* FROM `mailboxes`   ORDER BY `mailboxes`.`id` ASC LIMIT 1
  [1m[36mEmail Load (0.3ms)[0m  [1mSELECT  `emails`.* FROM `emails`  WHERE `emails`.`mailbox_id` = 3  ORDER BY `emails`.`id` ASC LIMIT 1[0m
  [1m[35mAttachment Load (0.7ms)[0m  SELECT `attachments`.* FROM `attachments`  WHERE `attachments`.`email_id` = 3 AND `attachments`.`type` = 'Text'
  [1m[36mAttachment Load (0.7ms)[0m  [1mSELECT  `attachments`.* FROM `attachments`   ORDER BY `attachments`.`id` ASC LIMIT 1[0m
  [1m[35mAttachment Load (0.5ms)[0m  SELECT  `attachments`.* FROM `attachments`   ORDER BY `attachments`.`id` ASC LIMIT 1
  [1m[36mAttachment Load (0.4ms)[0m  [1mSELECT  `attachments`.* FROM `attachments`   ORDER BY `attachments`.`id` ASC LIMIT 1[0m
  [1m[35mAttachment Load (0.4ms)[0m  SELECT  `attachments`.* FROM `attachments`   ORDER BY `attachments`.`id` ASC LIMIT 1
  [1m[36mAttachment Load (0.5ms)[0m  [1mSELECT  `attachments`.* FROM `attachments`   ORDER BY `attachments`.`id` ASC LIMIT 1[0m
  [1m[35mEmail Load (0.6ms)[0m  SELECT  `emails`.* FROM `emails`  WHERE `emails`.`id` = 3 LIMIT 1
  [1m[36mAttachment Load (0.5ms)[0m  [1mSELECT  `attachments`.* FROM `attachments`   ORDER BY `attachments`.`id` ASC LIMIT 1[0m
  [1m[35mEmail Load (0.4ms)[0m  SELECT  `emails`.* FROM `emails`  WHERE `emails`.`id` = 3 LIMIT 1
  [1m[36mMailbox Load (0.3ms)[0m  [1mSELECT  `mailboxes`.* FROM `mailboxes`  WHERE `mailboxes`.`id` = 3 LIMIT 1[0m
  [1m[35mAttachment Load (0.5ms)[0m  SELECT  `attachments`.* FROM `attachments`   ORDER BY `attachments`.`id` ASC LIMIT 1
  [1m[36mEmail Load (0.3ms)[0m  [1mSELECT  `emails`.* FROM `emails`  WHERE `emails`.`id` = 3 LIMIT 1[0m
  [1m[35mMailbox Load (0.3ms)[0m  SELECT  `mailboxes`.* FROM `mailboxes`  WHERE `mailboxes`.`id` = 3 LIMIT 1
  [1m[36mMailbox Load (1.0ms)[0m  [1mSELECT `mailboxes`.* FROM `mailboxes` INNER JOIN `contacts` ON `mailboxes`.`id` = `contacts`.`contact_mailbox_id` WHERE `contacts`.`mailbox_id` = 3[0m
  [1m[35mAttachment Load (0.5ms)[0m  SELECT  `attachments`.* FROM `attachments`   ORDER BY `attachments`.`id` ASC LIMIT 1
  [1m[36mEmail Load (0.4ms)[0m  [1mSELECT  `emails`.* FROM `emails`  WHERE `emails`.`id` = 3 LIMIT 1[0m
  [1m[35mMailbox Load (0.4ms)[0m  SELECT  `mailboxes`.* FROM `mailboxes`  WHERE `mailboxes`.`id` = 3 LIMIT 1
  [1m[36mContact Load (0.7ms)[0m  [1mSELECT `contacts`.* FROM `contacts`  WHERE `contacts`.`mailbox_id` = 3[0m
  [1m[35mAttachment Load (0.4ms)[0m  SELECT  `attachments`.* FROM `attachments`   ORDER BY `attachments`.`id` ASC LIMIT 1
  [1m[36mEmail Load (0.3ms)[0m  [1mSELECT  `emails`.* FROM `emails`  WHERE `emails`.`id` = 3 LIMIT 1[0m
  [1m[35mMailbox Load (0.3ms)[0m  SELECT  `mailboxes`.* FROM `mailboxes`  WHERE `mailboxes`.`id` = 3 LIMIT 1
  [1m[36mContact Load (0.3ms)[0m  [1mSELECT `contacts`.* FROM `contacts`  WHERE `contacts`.`mailbox_id` = 3[0m
  [1m[35mAttachment Load (0.7ms)[0m  SELECT  `attachments`.* FROM `attachments`   ORDER BY `attachments`.`id` ASC LIMIT 1
  [1m[36mEmail Load (0.4ms)[0m  [1mSELECT  `emails`.* FROM `emails`  WHERE `emails`.`id` = 3 LIMIT 1[0m
  [1m[35mMailbox Load (0.3ms)[0m  SELECT  `mailboxes`.* FROM `mailboxes`  WHERE `mailboxes`.`id` = 3 LIMIT 1
  [1m[36mContact Load (0.7ms)[0m  [1mSELECT  `contacts`.* FROM `contacts`  WHERE `contacts`.`mailbox_id` = 3  ORDER BY `contacts`.`id` ASC LIMIT 1[0m
  [1m[36mAttachment Load (0.2ms)[0m  [1mSELECT  `attachments`.* FROM `attachments`   ORDER BY `attachments`.`id` ASC LIMIT 1[0m
  [1m[35mAttachment Load (0.4ms)[0m  SELECT  `attachments`.* FROM `attachments`   ORDER BY `attachments`.`id` ASC LIMIT 1
  [1m[36mEmail Load (0.1ms)[0m  [1mSELECT  `emails`.* FROM `emails`  WHERE `emails`.`id` = 3 LIMIT 1[0m
  [1m[35mAttachment Load (0.5ms)[0m  SELECT  `attachments`.* FROM `attachments`   ORDER BY `attachments`.`id` ASC LIMIT 1
  [1m[36mEmail Load (0.4ms)[0m  [1mSELECT  `emails`.* FROM `emails`  WHERE `emails`.`id` = 3 LIMIT 1[0m
  [1m[35mMailbox Load (0.3ms)[0m  SELECT  `mailboxes`.* FROM `mailboxes`  WHERE `mailboxes`.`id` = 3 LIMIT 1
  [1m[36mAttachment Load (0.5ms)[0m  [1mSELECT  `attachments`.* FROM `attachments`   ORDER BY `attachments`.`id` ASC LIMIT 1[0m
  [1m[35mEmail Load (0.4ms)[0m  SELECT  `emails`.* FROM `emails`  WHERE `emails`.`id` = 3 LIMIT 1
  [1m[36mMailbox Load (0.3ms)[0m  [1mSELECT  `mailboxes`.* FROM `mailboxes`  WHERE `mailboxes`.`id` = 3 LIMIT 1[0m
  [1m[35mMailbox Load (0.4ms)[0m  SELECT `mailboxes`.* FROM `mailboxes` INNER JOIN `contacts` ON `mailboxes`.`id` = `contacts`.`contact_mailbox_id` WHERE `contacts`.`mailbox_id` = 3
  [1m[36mAttachment Load (0.4ms)[0m  [1mSELECT  `attachments`.* FROM `attachments`   ORDER BY `attachments`.`id` ASC LIMIT 1[0m
  [1m[35mEmail Load (0.3ms)[0m  SELECT  `emails`.* FROM `emails`  WHERE `emails`.`id` = 3 LIMIT 1
  [1m[36mMailbox Load (0.3ms)[0m  [1mSELECT  `mailboxes`.* FROM `mailboxes`  WHERE `mailboxes`.`id` = 3 LIMIT 1[0m
  [1m[35mContact Load (0.4ms)[0m  SELECT `contacts`.* FROM `contacts`  WHERE `contacts`.`mailbox_id` = 3
  [1m[36mAttachment Load (0.3ms)[0m  [1mSELECT  `attachments`.* FROM `attachments`   ORDER BY `attachments`.`id` ASC LIMIT 1[0m
  [1m[35mEmail Load (0.1ms)[0m  SELECT  `emails`.* FROM `emails`  WHERE `emails`.`id` = 3 LIMIT 1
  [1m[36mMailbox Load (0.1ms)[0m  [1mSELECT  `mailboxes`.* FROM `mailboxes`  WHERE `mailboxes`.`id` = 3 LIMIT 1[0m
  [1m[35mContact Load (0.2ms)[0m  SELECT  `contacts`.* FROM `contacts`  WHERE `contacts`.`mailbox_id` = 3  ORDER BY `contacts`.`id` ASC LIMIT 1
  [1m[36mAttachment Load (0.3ms)[0m  [1mSELECT  `attachments`.* FROM `attachments`   ORDER BY `attachments`.`id` ASC LIMIT 1[0m
  [1m[35mEmail Load (0.3ms)[0m  SELECT  `emails`.* FROM `emails`  WHERE `emails`.`id` = 3 LIMIT 1
  [1m[36mMailbox Load (0.3ms)[0m  [1mSELECT  `mailboxes`.* FROM `mailboxes`  WHERE `mailboxes`.`id` = 3 LIMIT 1[0m
  [1m[35mContact Load (0.4ms)[0m  SELECT  `contacts`.* FROM `contacts`  WHERE `contacts`.`mailbox_id` = 3  ORDER BY `contacts`.`id` ASC LIMIT 1
  [1m[36mAttachment Load (0.3ms)[0m  [1mSELECT  `attachments`.* FROM `attachments`   ORDER BY `attachments`.`id` ASC LIMIT 1[0m
  [1m[35mEmail Load (0.1ms)[0m  SELECT  `emails`.* FROM `emails`  WHERE `emails`.`id` = 3 LIMIT 1
  [1m[36mMailbox Load (0.1ms)[0m  [1mSELECT  `mailboxes`.* FROM `mailboxes`  WHERE `mailboxes`.`id` = 3 LIMIT 1[0m
  [1m[35mContact Load (0.1ms)[0m  SELECT  `contacts`.* FROM `contacts`  WHERE `contacts`.`mailbox_id` = 3  ORDER BY `contacts`.`id` ASC LIMIT 1
  [1m[36mAttachment Load (0.4ms)[0m  [1mSELECT  `attachments`.* FROM `attachments`   ORDER BY `attachments`.`id` ASC LIMIT 1[0m
  [1m[35mEmail Load (0.4ms)[0m  SELECT  `emails`.* FROM `emails`  WHERE `emails`.`id` = 3 LIMIT 1
  [1m[36mMailbox Load (0.4ms)[0m  [1mSELECT  `mailboxes`.* FROM `mailboxes`  WHERE `mailboxes`.`id` = 3 LIMIT 1[0m
  [1m[35mContact Load (0.4ms)[0m  SELECT  `contacts`.* FROM `contacts`  WHERE `contacts`.`mailbox_id` = 3  ORDER BY `contacts`.`id` ASC LIMIT 1
  [1m[36mAttachment Load (0.4ms)[0m  [1mSELECT  `attachments`.* FROM `attachments`   ORDER BY `attachments`.`id` ASC LIMIT 1[0m
  [1m[35mEmail Load (0.3ms)[0m  SELECT  `emails`.* FROM `emails`  WHERE `emails`.`id` = 3 LIMIT 1
  [1m[36mMailbox Load (0.3ms)[0m  [1mSELECT  `mailboxes`.* FROM `mailboxes`  WHERE `mailboxes`.`id` = 3 LIMIT 1[0m
  [1m[35mContact Load (0.8ms)[0m  SELECT  `contacts`.* FROM `contacts`  WHERE `contacts`.`mailbox_id` = 3  ORDER BY `contacts`.`id` DESC LIMIT 1
  [1m[36mMailbox Load (0.7ms)[0m  [1mSELECT  `mailboxes`.* FROM `mailboxes`  WHERE `mailboxes`.`id` = 4 LIMIT 1[0m
  [1m[36mAttachment Load (0.6ms)[0m  [1mSELECT `attachments`.* FROM `attachments`[0m
  [1m[35mContact Load (0.7ms)[0m  SELECT `contacts`.* FROM `contacts`
  [1m[36mSQL (46.9ms)[0m  [1mDELETE FROM `contacts`[0m
  [1m[35mSQL (55.2ms)[0m  DELETE FROM `mailboxes`
  [1m[36mSQL (0.2ms)[0m  [1mDELETE FROM `emails`[0m
  [1m[35mSQL (0.2ms)[0m  DELETE FROM `emails`
  [1m[36mSQL (0.6ms)[0m  [1mDELETE FROM `receivers`[0m
  [1m[35m (0.3ms)[0m  BEGIN
  [1m[36mSQL (0.6ms)[0m  [1mINSERT INTO `mailboxes` (`created_at`, `email`, `name`, `updated_at`) VALUES ('2014-10-05 04:55:50', 'shiksha@vinsol.com', 'Shiksha', '2014-10-05 04:55:50')[0m
  [1m[35m (34.4ms)[0m  COMMIT
  [1m[36m (0.4ms)[0m  [1mBEGIN[0m
  [1m[35mSQL (0.5ms)[0m  INSERT INTO `mailboxes` (`created_at`, `email`, `name`, `updated_at`) VALUES ('2014-10-05 04:55:59', 'amit@vinsol.com', 'Amit', '2014-10-05 04:55:59')
  [1m[36m (27.6ms)[0m  [1mCOMMIT[0m
  [1m[35mMailbox Load (0.8ms)[0m  SELECT  `mailboxes`.* FROM `mailboxes`   ORDER BY `mailboxes`.`id` ASC LIMIT 1
  [1m[36mEmail Load (0.8ms)[0m  [1mSELECT `emails`.* FROM `emails`  WHERE `emails`.`mailbox_id` = 9[0m
  [1m[35mMailbox Load (0.4ms)[0m  SELECT  `mailboxes`.* FROM `mailboxes`   ORDER BY `mailboxes`.`id` ASC LIMIT 1
  [1m[36mMailbox Load (0.3ms)[0m  [1mSELECT  `mailboxes`.* FROM `mailboxes`   ORDER BY `mailboxes`.`id` ASC LIMIT 1[0m
  [1m[35mMailbox Load (0.3ms)[0m  SELECT  `mailboxes`.* FROM `mailboxes`   ORDER BY `mailboxes`.`id` ASC LIMIT 1
  [1m[36mMailbox Load (0.4ms)[0m  [1mSELECT  `mailboxes`.* FROM `mailboxes`   ORDER BY `mailboxes`.`id` ASC LIMIT 1[0m
  [1m[35mMailbox Load (0.4ms)[0m  SELECT  `mailboxes`.* FROM `mailboxes`   ORDER BY `mailboxes`.`id` ASC LIMIT 1
  [1m[36mMailbox Load (0.4ms)[0m  [1mSELECT  `mailboxes`.* FROM `mailboxes`   ORDER BY `mailboxes`.`id` ASC LIMIT 1[0m
  [1m[35mMailbox Load (0.4ms)[0m  SELECT  `mailboxes`.* FROM `mailboxes`   ORDER BY `mailboxes`.`id` ASC LIMIT 1
  [1m[36mMailbox Load (0.3ms)[0m  [1mSELECT  `mailboxes`.* FROM `mailboxes`   ORDER BY `mailboxes`.`id` ASC LIMIT 1[0m
  [1m[35m (0.3ms)[0m  BEGIN
  [1m[36mSQL (0.4ms)[0m  [1mINSERT INTO `emails` (`content`, `created_at`, `mailbox_id`, `updated_at`) VALUES ('a', '2014-10-05 05:00:47', 9, '2014-10-05 05:00:47')[0m
  [1m[35m (41.4ms)[0m  COMMIT
  [1m[36mMailbox Load (0.3ms)[0m  [1mSELECT  `mailboxes`.* FROM `mailboxes`   ORDER BY `mailboxes`.`id` ASC LIMIT 1[0m
  [1m[35mEmail Load (0.8ms)[0m  SELECT  `emails`.* FROM `emails`  WHERE `emails`.`mailbox_id` = 9  ORDER BY `emails`.`id` ASC LIMIT 1
  [1m[36mReceiver Load (0.2ms)[0m  [1mSELECT `receivers`.* FROM `receivers`  WHERE `receivers`.`email_id` = 1[0m
  [1m[35mMailbox Load (0.5ms)[0m  SELECT  `mailboxes`.* FROM `mailboxes`   ORDER BY `mailboxes`.`id` DESC LIMIT 1
  [1m[36mMailbox Load (0.3ms)[0m  [1mSELECT  `mailboxes`.* FROM `mailboxes`   ORDER BY `mailboxes`.`id` ASC LIMIT 1[0m
  [1m[35mEmail Load (0.1ms)[0m  SELECT  `emails`.* FROM `emails`  WHERE `emails`.`mailbox_id` = 9  ORDER BY `emails`.`id` ASC LIMIT 1
  [1m[36m (0.1ms)[0m  [1mBEGIN[0m
  [1m[35mSQL (0.3ms)[0m  INSERT INTO `receivers` (`created_at`, `email_id`, `mailbox_id`, `updated_at`) VALUES ('2014-10-05 05:02:02', 1, 10, '2014-10-05 05:02:02')
  [1m[36m (48.0ms)[0m  [1mCOMMIT[0m
  [1m[35mMailbox Load (0.4ms)[0m  SELECT  `mailboxes`.* FROM `mailboxes`   ORDER BY `mailboxes`.`id` ASC LIMIT 1
  [1m[36mMailbox Load (0.4ms)[0m  [1mSELECT  `mailboxes`.* FROM `mailboxes`   ORDER BY `mailboxes`.`id` ASC LIMIT 1[0m
  [1m[35m (0.1ms)[0m  BEGIN
  [1m[36mSQL (0.6ms)[0m  [1mINSERT INTO `contacts` (`contact_mailbox_id`, `created_at`, `first_name`, `last_name`, `mailbox_id`, `ph_no`, `updated_at`) VALUES (10, '2014-10-05 05:04:01', 'Amit', 'Choudhary', 9, '2345', '2014-10-05 05:04:01')[0m
  [1m[35m (52.7ms)[0m  COMMIT
  [1m[36mMailbox Load (0.4ms)[0m  [1mSELECT  `mailboxes`.* FROM `mailboxes`   ORDER BY `mailboxes`.`id` ASC LIMIT 1[0m
  [1m[35mMailbox Load (0.2ms)[0m  SELECT  `mailboxes`.* FROM `mailboxes`   ORDER BY `mailboxes`.`id` ASC LIMIT 1
  [1m[36mEmail Load (0.2ms)[0m  [1mSELECT  `emails`.* FROM `emails`  WHERE `emails`.`mailbox_id` = 9  ORDER BY `emails`.`id` ASC LIMIT 1[0m
  [1m[35mAttachment Load (0.6ms)[0m  SELECT `attachments`.* FROM `attachments`  WHERE `attachments`.`email_id` = 1
  [1m[36mMailbox Load (0.4ms)[0m  [1mSELECT  `mailboxes`.* FROM `mailboxes`   ORDER BY `mailboxes`.`id` ASC LIMIT 1[0m
  [1m[35mEmail Load (0.3ms)[0m  SELECT  `emails`.* FROM `emails`  WHERE `emails`.`mailbox_id` = 9  ORDER BY `emails`.`id` ASC LIMIT 1
  [1m[36mMailbox Load (0.4ms)[0m  [1mSELECT  `mailboxes`.* FROM `mailboxes`   ORDER BY `mailboxes`.`id` ASC LIMIT 1[0m
  [1m[35mEmail Load (0.3ms)[0m  SELECT  `emails`.* FROM `emails`  WHERE `emails`.`mailbox_id` = 9  ORDER BY `emails`.`id` ASC LIMIT 1
  [1m[36mAttachment Load (0.7ms)[0m  [1mSELECT `attachments`.* FROM `attachments`  WHERE `attachments`.`email_id` = 1 AND `attachments`.`type` = 'Vedio'[0m
  [1m[35mMailbox Load (0.4ms)[0m  SELECT  `mailboxes`.* FROM `mailboxes`   ORDER BY `mailboxes`.`id` ASC LIMIT 1
  [1m[36mEmail Load (0.4ms)[0m  [1mSELECT  `emails`.* FROM `emails`  WHERE `emails`.`mailbox_id` = 9  ORDER BY `emails`.`id` ASC LIMIT 1[0m
  [1m[35mMailbox Load (0.2ms)[0m  SELECT  `mailboxes`.* FROM `mailboxes`   ORDER BY `mailboxes`.`id` ASC LIMIT 1
  [1m[36mEmail Load (0.1ms)[0m  [1mSELECT  `emails`.* FROM `emails`  WHERE `emails`.`mailbox_id` = 9  ORDER BY `emails`.`id` ASC LIMIT 1[0m
  [1m[35mMailbox Load (0.4ms)[0m  SELECT  `mailboxes`.* FROM `mailboxes`   ORDER BY `mailboxes`.`id` ASC LIMIT 1
  [1m[36mEmail Load (0.3ms)[0m  [1mSELECT  `emails`.* FROM `emails`  WHERE `emails`.`mailbox_id` = 9  ORDER BY `emails`.`id` ASC LIMIT 1[0m
  [1m[35m (0.3ms)[0m  BEGIN
  [1m[36mSQL (0.4ms)[0m  [1mINSERT INTO `attachments` (`created_at`, `email_id`, `file_name`, `type`, `updated_at`) VALUES ('2014-10-05 05:05:59', 1, 'song', 'Vedio', '2014-10-05 05:05:59')[0m
  [1m[35m (43.7ms)[0m  COMMIT
  [1m[36mMailbox Load (0.3ms)[0m  [1mSELECT  `mailboxes`.* FROM `mailboxes`   ORDER BY `mailboxes`.`id` DESC LIMIT 1[0m
  [1m[35mEmail Load (0.5ms)[0m  SELECT `emails`.* FROM `emails`  WHERE `emails`.`mailbox_id` = 10
  [1m[36mMailbox Load (0.4ms)[0m  [1mSELECT  `mailboxes`.* FROM `mailboxes`   ORDER BY `mailboxes`.`id` ASC LIMIT 1[0m
  [1m[35mEmail Load (0.8ms)[0m  SELECT `emails`.* FROM `emails`  WHERE `emails`.`mailbox_id` = 9
  [1m[36mMailbox Load (0.4ms)[0m  [1mSELECT  `mailboxes`.* FROM `mailboxes`   ORDER BY `mailboxes`.`id` DESC LIMIT 1[0m
  [1m[35m (0.3ms)[0m  BEGIN
  [1m[36mSQL (0.6ms)[0m  [1mINSERT INTO `emails` (`content`, `created_at`, `email_id`, `mailbox_id`, `updated_at`) VALUES ('B', '2014-10-05 05:07:27', 1, 10, '2014-10-05 05:07:27')[0m
  [1m[35m (48.8ms)[0m  COMMIT
  [1m[36mMailbox Load (0.3ms)[0m  [1mSELECT  `mailboxes`.* FROM `mailboxes`   ORDER BY `mailboxes`.`id` ASC LIMIT 1[0m
  [1m[35mEmail Load (0.7ms)[0m  SELECT  `emails`.* FROM `emails`  WHERE `emails`.`mailbox_id` = 9  ORDER BY `emails`.`id` ASC LIMIT 1
  [1m[36mEmail Load (0.5ms)[0m  [1mSELECT `emails`.* FROM `emails`  WHERE `emails`.`email_id` = 1[0m
  [1m[35mMailbox Load (0.3ms)[0m  SELECT  `mailboxes`.* FROM `mailboxes`   ORDER BY `mailboxes`.`id` ASC LIMIT 1
  [1m[36mEmail Load (0.2ms)[0m  [1mSELECT  `emails`.* FROM `emails`  WHERE `emails`.`mailbox_id` = 9  ORDER BY `emails`.`id` ASC LIMIT 1[0m
  [1m[35mEmail Load (0.5ms)[0m  SELECT  `emails`.* FROM `emails`  WHERE `emails`.`email_id` = 1  ORDER BY `emails`.`id` ASC LIMIT 1
  [1m[36mMailbox Load (0.8ms)[0m  [1mSELECT  `mailboxes`.* FROM `mailboxes`  WHERE `mailboxes`.`id` = 10 LIMIT 1[0m
  [1m[35mMailbox Load (0.3ms)[0m  SELECT  `mailboxes`.* FROM `mailboxes`   ORDER BY `mailboxes`.`id` ASC LIMIT 1
  [1m[36mMailbox Load (1.0ms)[0m  [1mSELECT `mailboxes`.* FROM `mailboxes` INNER JOIN `contacts` ON `mailboxes`.`id` = `contacts`.`contact_mailbox_id` WHERE `contacts`.`mailbox_id` = 9[0m
  [1m[35mMailbox Load (0.4ms)[0m  SELECT  `mailboxes`.* FROM `mailboxes`   ORDER BY `mailboxes`.`id` ASC LIMIT 1
  [1m[36mContact Load (0.8ms)[0m  [1mSELECT `contacts`.* FROM `contacts`  WHERE `contacts`.`mailbox_id` = 9[0m
  [1m[35mMailbox Load (0.4ms)[0m  SELECT  `mailboxes`.* FROM `mailboxes`   ORDER BY `mailboxes`.`id` ASC LIMIT 1
  [1m[36mMailbox Load (0.4ms)[0m  [1mSELECT  `mailboxes`.* FROM `mailboxes`   ORDER BY `mailboxes`.`id` ASC LIMIT 1[0m
  [1m[35mEmail Load (0.4ms)[0m  SELECT  `emails`.* FROM `emails`  WHERE `emails`.`mailbox_id` = 9  ORDER BY `emails`.`id` ASC LIMIT 1
  [1m[36mAttachment Load (0.7ms)[0m  [1mSELECT `attachments`.* FROM `attachments`  WHERE `attachments`.`email_id` = 1[0m
  [1m[35mAttachment Load (0.3ms)[0m  SELECT  `attachments`.* FROM `attachments`   ORDER BY `attachments`.`id` ASC LIMIT 1
  [1m[36mAttachment Load (0.2ms)[0m  [1mSELECT  `attachments`.* FROM `attachments`   ORDER BY `attachments`.`id` ASC LIMIT 1[0m
  [1m[35mEmail Load (0.3ms)[0m  SELECT  `emails`.* FROM `emails`  WHERE `emails`.`id` = 1 LIMIT 1
  [1m[36mAttachment Load (0.3ms)[0m  [1mSELECT  `attachments`.* FROM `attachments`   ORDER BY `attachments`.`id` ASC LIMIT 1[0m
  [1m[35mEmail Load (0.2ms)[0m  SELECT  `emails`.* FROM `emails`  WHERE `emails`.`id` = 1 LIMIT 1
  [1m[36mMailbox Load (0.6ms)[0m  [1mSELECT  `mailboxes`.* FROM `mailboxes`  WHERE `mailboxes`.`id` = 9 LIMIT 1[0m
  [1m[35mAttachment Load (0.4ms)[0m  SELECT  `attachments`.* FROM `attachments`   ORDER BY `attachments`.`id` ASC LIMIT 1
  [1m[36mEmail Load (0.4ms)[0m  [1mSELECT  `emails`.* FROM `emails`  WHERE `emails`.`id` = 1 LIMIT 1[0m
  [1m[35mMailbox Load (0.4ms)[0m  SELECT  `mailboxes`.* FROM `mailboxes`  WHERE `mailboxes`.`id` = 9 LIMIT 1
  [1m[36mMailbox Load (0.4ms)[0m  [1mSELECT `mailboxes`.* FROM `mailboxes` INNER JOIN `contacts` ON `mailboxes`.`id` = `contacts`.`contact_mailbox_id` WHERE `contacts`.`mailbox_id` = 9[0m
  [1m[35mAttachment Load (0.4ms)[0m  SELECT  `attachments`.* FROM `attachments`   ORDER BY `attachments`.`id` ASC LIMIT 1
  [1m[36mEmail Load (0.4ms)[0m  [1mSELECT  `emails`.* FROM `emails`  WHERE `emails`.`id` = 1 LIMIT 1[0m
  [1m[35mMailbox Load (0.4ms)[0m  SELECT  `mailboxes`.* FROM `mailboxes`  WHERE `mailboxes`.`id` = 9 LIMIT 1
  [1m[36mContact Load (0.4ms)[0m  [1mSELECT `contacts`.* FROM `contacts`  WHERE `contacts`.`mailbox_id` = 9[0m
  [1m[35mAttachment Load (0.5ms)[0m  SELECT  `attachments`.* FROM `attachments`   ORDER BY `attachments`.`id` ASC LIMIT 1
  [1m[36mEmail Load (0.3ms)[0m  [1mSELECT  `emails`.* FROM `emails`  WHERE `emails`.`id` = 1 LIMIT 1[0m
  [1m[35mMailbox Load (0.3ms)[0m  SELECT  `mailboxes`.* FROM `mailboxes`  WHERE `mailboxes`.`id` = 9 LIMIT 1
  [1m[36mContact Load (0.8ms)[0m  [1mSELECT  `contacts`.* FROM `contacts`  WHERE `contacts`.`mailbox_id` = 9  ORDER BY `contacts`.`id` ASC LIMIT 1[0m
  [1m[35mAttachment Load (0.4ms)[0m  SELECT  `attachments`.* FROM `attachments`   ORDER BY `attachments`.`id` ASC LIMIT 1
  [1m[36mEmail Load (0.4ms)[0m  [1mSELECT  `emails`.* FROM `emails`  WHERE `emails`.`id` = 1 LIMIT 1[0m
  [1m[35mMailbox Load (0.2ms)[0m  SELECT  `mailboxes`.* FROM `mailboxes`  WHERE `mailboxes`.`id` = 9 LIMIT 1
  [1m[36mContact Load (0.2ms)[0m  [1mSELECT  `contacts`.* FROM `contacts`  WHERE `contacts`.`mailbox_id` = 9  ORDER BY `contacts`.`id` ASC LIMIT 1[0m
  [1m[35mAttachment Load (0.5ms)[0m  SELECT  `attachments`.* FROM `attachments`   ORDER BY `attachments`.`id` ASC LIMIT 1
  [1m[36mEmail Load (0.4ms)[0m  [1mSELECT  `emails`.* FROM `emails`  WHERE `emails`.`id` = 1 LIMIT 1[0m
  [1m[35mMailbox Load (0.4ms)[0m  SELECT  `mailboxes`.* FROM `mailboxes`  WHERE `mailboxes`.`id` = 9 LIMIT 1
  [1m[36mContact Load (0.4ms)[0m  [1mSELECT  `contacts`.* FROM `contacts`  WHERE `contacts`.`mailbox_id` = 9  ORDER BY `contacts`.`id` ASC LIMIT 1[0m
  [1m[35mMailbox Load (0.4ms)[0m  SELECT  `mailboxes`.* FROM `mailboxes`  WHERE `mailboxes`.`id` = 10 LIMIT 1
  [1m[36mMailbox Load (0.4ms)[0m  [1mSELECT  `mailboxes`.* FROM `mailboxes`   ORDER BY `mailboxes`.`id` ASC LIMIT 1[0m
  [1m[35mContact Load (0.3ms)[0m  SELECT `contacts`.* FROM `contacts`  WHERE `contacts`.`mailbox_id` = 9
  [1m[36mMailbox Load (0.4ms)[0m  [1mSELECT  `mailboxes`.* FROM `mailboxes`   ORDER BY `mailboxes`.`id` ASC LIMIT 1[0m
  [1m[35mContact Load (0.3ms)[0m  SELECT  `contacts`.* FROM `contacts`  WHERE `contacts`.`mailbox_id` = 9  ORDER BY `contacts`.`id` ASC LIMIT 1
  [1m[36mMailbox Load (0.4ms)[0m  [1mSELECT  `mailboxes`.* FROM `mailboxes`   ORDER BY `mailboxes`.`id` ASC LIMIT 1[0m
  [1m[35mContact Load (0.2ms)[0m  SELECT  `contacts`.* FROM `contacts`  WHERE `contacts`.`mailbox_id` = 9  ORDER BY `contacts`.`id` ASC LIMIT 1
  [1m[36mMailbox Load (0.2ms)[0m  [1mSELECT  `mailboxes`.* FROM `mailboxes`  WHERE `mailboxes`.`id` = 10 LIMIT 1[0m
  [1m[35mMailbox Load (0.1ms)[0m  SELECT  `mailboxes`.* FROM `mailboxes`   ORDER BY `mailboxes`.`id` ASC LIMIT 1
  [1m[36mContact Load (0.2ms)[0m  [1mSELECT  `contacts`.* FROM `contacts`  WHERE `contacts`.`mailbox_id` = 9  ORDER BY `contacts`.`id` ASC LIMIT 1[0m
  [1m[35mMailbox Load (0.5ms)[0m  SELECT  `mailboxes`.* FROM `mailboxes`   ORDER BY `mailboxes`.`id` ASC LIMIT 1
  [1m[36mContact Load (0.4ms)[0m  [1mSELECT  `contacts`.* FROM `contacts`  WHERE `contacts`.`mailbox_id` = 9  ORDER BY `contacts`.`id` ASC LIMIT 1[0m
  [1m[35mMailbox Load (0.4ms)[0m  SELECT  `mailboxes`.* FROM `mailboxes`  WHERE `mailboxes`.`id` = 10 LIMIT 1
  [1m[36mMailbox Load (0.5ms)[0m  [1mSELECT  `mailboxes`.* FROM `mailboxes`   ORDER BY `mailboxes`.`id` ASC LIMIT 1[0m
  [1m[35mMailbox Load (0.4ms)[0m  SELECT  `mailboxes`.* FROM `mailboxes`   ORDER BY `mailboxes`.`id` ASC LIMIT 1
  [1m[36mMailbox Load (0.1ms)[0m  [1mSELECT `mailboxes`.* FROM `mailboxes` INNER JOIN `contacts` ON `mailboxes`.`id` = `contacts`.`contact_mailbox_id` WHERE `contacts`.`mailbox_id` = 9[0m
  [1m[35mMailbox Load (0.1ms)[0m  SELECT  `mailboxes`.* FROM `mailboxes`   ORDER BY `mailboxes`.`id` ASC LIMIT 1
  [1m[36mMailbox Load (0.2ms)[0m  [1mSELECT  `mailboxes`.* FROM `mailboxes`   ORDER BY `mailboxes`.`id` ASC LIMIT 1[0m
  [1m[35mMailbox Load (0.1ms)[0m  SELECT `mailboxes`.* FROM `mailboxes` INNER JOIN `contacts` ON `mailboxes`.`id` = `contacts`.`contact_mailbox_id` WHERE `contacts`.`mailbox_id` = 9
  [1m[36mEmail Load (0.6ms)[0m  [1mSELECT  `emails`.* FROM `emails`   ORDER BY `emails`.`id` ASC LIMIT 1[0m
  [1m[35mEmail Load (0.5ms)[0m  SELECT  `emails`.* FROM `emails`   ORDER BY `emails`.`id` ASC LIMIT 1
  [1m[36mMailbox Load (0.3ms)[0m  [1mSELECT  `mailboxes`.* FROM `mailboxes`  WHERE `mailboxes`.`id` = 9 LIMIT 1[0m
  [1m[35mEmail Load (0.3ms)[0m  SELECT  `emails`.* FROM `emails`   ORDER BY `emails`.`id` ASC LIMIT 1
  [1m[36mEmail Load (0.3ms)[0m  [1mSELECT  `emails`.* FROM `emails`   ORDER BY `emails`.`id` ASC LIMIT 1[0m
  [1m[35mEmail Load (0.4ms)[0m  SELECT  `emails`.* FROM `emails`   ORDER BY `emails`.`id` ASC LIMIT 1
  [1m[36mEmail Load (0.2ms)[0m  [1mSELECT  `emails`.* FROM `emails`   ORDER BY `emails`.`id` ASC LIMIT 1[0m
  [1m[35mEmail Load (0.5ms)[0m  SELECT  `emails`.* FROM `emails`   ORDER BY `emails`.`id` ASC LIMIT 1
  [1m[36mMailbox Load (0.2ms)[0m  [1mSELECT  `mailboxes`.* FROM `mailboxes`  WHERE `mailboxes`.`id` = 9 LIMIT 1[0m
  [1m[35mEmail Load (0.4ms)[0m  SELECT  `emails`.* FROM `emails`   ORDER BY `emails`.`id` ASC LIMIT 1
  [1m[36mEmail Load (0.4ms)[0m  [1mSELECT  `emails`.* FROM `emails`   ORDER BY `emails`.`id` ASC LIMIT 1[0m
  [1m[35mEmail Load (0.3ms)[0m  SELECT  `emails`.* FROM `emails`   ORDER BY `emails`.`id` ASC LIMIT 1
  [1m[36mEmail Load (0.4ms)[0m  [1mSELECT  `emails`.* FROM `emails`   ORDER BY `emails`.`id` ASC LIMIT 1[0m
  [1m[35mMailbox Load (0.3ms)[0m  SELECT  `mailboxes`.* FROM `mailboxes`  WHERE `mailboxes`.`id` = 9 LIMIT 1
  [1m[36mMailbox Load (0.5ms)[0m  [1mSELECT  `mailboxes`.* FROM `mailboxes`   ORDER BY `mailboxes`.`id` DESC LIMIT 1[0m
  [1m[35mMailbox Load (0.4ms)[0m  SELECT  `mailboxes`.* FROM `mailboxes`   ORDER BY `mailboxes`.`id` DESC LIMIT 1
  [1m[36mEmail Load (0.8ms)[0m  [1mSELECT `emails`.* FROM `emails`  WHERE `emails`.`mailbox_id` = 10[0m
  [1m[35mMailbox Load (0.1ms)[0m  SELECT  `mailboxes`.* FROM `mailboxes`   ORDER BY `mailboxes`.`id` DESC LIMIT 1
  [1m[36mEmail Load (1.0ms)[0m  [1mSELECT  `emails`.* FROM `emails`  WHERE `emails`.`mailbox_id` = 10  ORDER BY `emails`.`id` ASC LIMIT 1[0m
  [1m[35mMailbox Load (0.3ms)[0m  SELECT  `mailboxes`.* FROM `mailboxes`   ORDER BY `mailboxes`.`id` DESC LIMIT 1
  [1m[36mEmail Load (0.3ms)[0m  [1mSELECT  `emails`.* FROM `emails`  WHERE `emails`.`mailbox_id` = 10  ORDER BY `emails`.`id` ASC LIMIT 1[0m
  [1m[35mEmail Load (0.1ms)[0m  SELECT  `emails`.* FROM `emails`  WHERE `emails`.`id` = 1 LIMIT 1
  [1m[36mMailbox Load (0.1ms)[0m  [1mSELECT  `mailboxes`.* FROM `mailboxes`   ORDER BY `mailboxes`.`id` DESC LIMIT 1[0m
  [1m[35mEmail Load (0.4ms)[0m  SELECT  `emails`.* FROM `emails`  WHERE `emails`.`mailbox_id` = 10  ORDER BY `emails`.`id` ASC LIMIT 1
  [1m[36mMailbox Load (0.4ms)[0m  [1mSELECT  `mailboxes`.* FROM `mailboxes`   ORDER BY `mailboxes`.`id` DESC LIMIT 1[0m
  [1m[35mEmail Load (0.3ms)[0m  SELECT  `emails`.* FROM `emails`  WHERE `emails`.`mailbox_id` = 10  ORDER BY `emails`.`id` ASC LIMIT 1
  [1m[36mMailbox Load (0.2ms)[0m  [1mSELECT  `mailboxes`.* FROM `mailboxes`   ORDER BY `mailboxes`.`id` DESC LIMIT 1[0m
  [1m[35mEmail Load (0.1ms)[0m  SELECT  `emails`.* FROM `emails`  WHERE `emails`.`mailbox_id` = 10  ORDER BY `emails`.`id` ASC LIMIT 1
  [1m[36mEmail Load (0.2ms)[0m  [1mSELECT  `emails`.* FROM `emails`  WHERE `emails`.`id` = 1 LIMIT 1[0m
  [1m[35mMailbox Load (0.4ms)[0m  SELECT  `mailboxes`.* FROM `mailboxes`   ORDER BY `mailboxes`.`id` ASC LIMIT 1
  [1m[36mEmail Load (0.3ms)[0m  [1mSELECT  `emails`.* FROM `emails`  WHERE `emails`.`mailbox_id` = 9  ORDER BY `emails`.`id` ASC LIMIT 1[0m
  [1m[35mMailbox Load (0.4ms)[0m  SELECT  `mailboxes`.* FROM `mailboxes`   ORDER BY `mailboxes`.`id` ASC LIMIT 1
  [1m[36mEmail Load (0.4ms)[0m  [1mSELECT  `emails`.* FROM `emails`  WHERE `emails`.`mailbox_id` = 9  ORDER BY `emails`.`id` ASC LIMIT 1[0m
  [1m[35mEmail Load (0.3ms)[0m  SELECT `emails`.* FROM `emails`  WHERE `emails`.`email_id` = 1
  [1m[36mMailbox Load (0.3ms)[0m  [1mSELECT  `mailboxes`.* FROM `mailboxes`   ORDER BY `mailboxes`.`id` ASC LIMIT 1[0m
  [1m[35mEmail Load (0.1ms)[0m  SELECT  `emails`.* FROM `emails`  WHERE `emails`.`mailbox_id` = 9  ORDER BY `emails`.`id` ASC LIMIT 1
  [1m[36mMailbox Load (0.4ms)[0m  [1mSELECT  `mailboxes`.* FROM `mailboxes`   ORDER BY `mailboxes`.`id` ASC LIMIT 1[0m
  [1m[35mEmail Load (0.4ms)[0m  SELECT  `emails`.* FROM `emails`  WHERE `emails`.`mailbox_id` = 9  ORDER BY `emails`.`id` ASC LIMIT 1
  [1m[36mEmail Load (0.4ms)[0m  [1mSELECT `emails`.* FROM `emails`  WHERE `emails`.`email_id` = 1[0m
  [1m[35mMailbox Load (0.3ms)[0m  SELECT  `mailboxes`.* FROM `mailboxes`   ORDER BY `mailboxes`.`id` ASC LIMIT 1
  [1m[36mEmail Load (0.3ms)[0m  [1mSELECT  `emails`.* FROM `emails`  WHERE `emails`.`mailbox_id` = 9  ORDER BY `emails`.`id` ASC LIMIT 1[0m
  [1m[35mReceiver Load (0.5ms)[0m  SELECT `receivers`.* FROM `receivers`  WHERE `receivers`.`email_id` = 1
  [1m[36mMailbox Load (0.4ms)[0m  [1mSELECT  `mailboxes`.* FROM `mailboxes`   ORDER BY `mailboxes`.`id` ASC LIMIT 1[0m
  [1m[35mEmail Load (0.3ms)[0m  SELECT  `emails`.* FROM `emails`  WHERE `emails`.`mailbox_id` = 9  ORDER BY `emails`.`id` ASC LIMIT 1
  [1m[36mMailbox Load (0.5ms)[0m  [1mSELECT `mailboxes`.* FROM `mailboxes` INNER JOIN `receivers` ON `mailboxes`.`id` = `receivers`.`mailbox_id` WHERE `receivers`.`email_id` = 1[0m
  [1m[35mMailbox Load (0.3ms)[0m  SELECT  `mailboxes`.* FROM `mailboxes`   ORDER BY `mailboxes`.`id` ASC LIMIT 1
  [1m[36mEmail Load (0.4ms)[0m  [1mSELECT  `emails`.* FROM `emails`  WHERE `emails`.`mailbox_id` = 9  ORDER BY `emails`.`id` ASC LIMIT 1[0m
  [1m[35mMailbox Load (0.5ms)[0m  SELECT  `mailboxes`.* FROM `mailboxes`   ORDER BY `mailboxes`.`id` ASC LIMIT 1
  [1m[36mEmail Load (0.3ms)[0m  [1mSELECT  `emails`.* FROM `emails`  WHERE `emails`.`mailbox_id` = 9  ORDER BY `emails`.`id` ASC LIMIT 1[0m
  [1m[35mMailbox Load (0.3ms)[0m  SELECT `mailboxes`.* FROM `mailboxes` INNER JOIN `receivers` ON `mailboxes`.`id` = `receivers`.`mailbox_id` WHERE `receivers`.`email_id` = 1
  [1m[36mMailbox Load (0.4ms)[0m  [1mSELECT  `mailboxes`.* FROM `mailboxes`   ORDER BY `mailboxes`.`id` ASC LIMIT 1[0m
  [1m[35mEmail Load (0.7ms)[0m  SELECT `emails`.* FROM `emails`  WHERE `emails`.`mailbox_id` = 9
  [1m[36mMailbox Load (0.2ms)[0m  [1mSELECT  `mailboxes`.* FROM `mailboxes`   ORDER BY `mailboxes`.`id` ASC LIMIT 1[0m
  [1m[35mReceiver Load (0.4ms)[0m  SELECT `receivers`.* FROM `receivers`  WHERE `receivers`.`mailbox_id` = 9
  [1m[36mReceiver Load (0.7ms)[0m  [1mSELECT `receivers`.* FROM `receivers`[0m
  [1m[35mMailbox Load (0.5ms)[0m  SELECT  `mailboxes`.* FROM `mailboxes`   ORDER BY `mailboxes`.`id` DESC LIMIT 1
  [1m[36mMailbox Load (0.4ms)[0m  [1mSELECT  `mailboxes`.* FROM `mailboxes`   ORDER BY `mailboxes`.`id` DESC LIMIT 1[0m
  [1m[35mMailbox Load (0.3ms)[0m  SELECT  `mailboxes`.* FROM `mailboxes`   ORDER BY `mailboxes`.`id` DESC LIMIT 1
  [1m[36mEmail Load (0.3ms)[0m  [1mSELECT `emails`.* FROM `emails`  WHERE `emails`.`mailbox_id` = 10[0m
  [1m[35mMailbox Load (0.5ms)[0m  SELECT  `mailboxes`.* FROM `mailboxes`   ORDER BY `mailboxes`.`id` DESC LIMIT 1
  [1m[36mEmail Load (0.3ms)[0m  [1mSELECT `emails`.* FROM `emails`  WHERE `emails`.`mailbox_id` = 10[0m
  [1m[35mMailbox Load (0.4ms)[0m  SELECT  `mailboxes`.* FROM `mailboxes`   ORDER BY `mailboxes`.`id` DESC LIMIT 1
  [1m[36mEmail Load (0.3ms)[0m  [1mSELECT  `emails`.* FROM `emails`  WHERE `emails`.`mailbox_id` = 10  ORDER BY `emails`.`id` ASC LIMIT 1[0m
  [1m[35mMailbox Load (0.5ms)[0m  SELECT  `mailboxes`.* FROM `mailboxes`   ORDER BY `mailboxes`.`id` DESC LIMIT 1
  [1m[36mEmail Load (0.4ms)[0m  [1mSELECT  `emails`.* FROM `emails`  WHERE `emails`.`mailbox_id` = 10  ORDER BY `emails`.`id` ASC LIMIT 1[0m
  [1m[35mReceiver Load (0.8ms)[0m  SELECT `receivers`.* FROM `receivers`  WHERE `receivers`.`email_id` = 2
  [1m[36mMailbox Load (0.4ms)[0m  [1mSELECT  `mailboxes`.* FROM `mailboxes`   ORDER BY `mailboxes`.`id` DESC LIMIT 1[0m
  [1m[35mEmail Load (0.4ms)[0m  SELECT  `emails`.* FROM `emails`  WHERE `emails`.`mailbox_id` = 10  ORDER BY `emails`.`id` ASC LIMIT 1
  [1m[36m (0.2ms)[0m  [1mBEGIN[0m
  [1m[35mSQL (0.4ms)[0m  INSERT INTO `receivers` (`created_at`, `email_id`, `mailbox_id`, `updated_at`) VALUES ('2014-10-05 06:39:58', 2, 9, '2014-10-05 06:39:58')
  [1m[36m (46.1ms)[0m  [1mCOMMIT[0m
  [1m[35mReceiver Load (0.8ms)[0m  SELECT `receivers`.* FROM `receivers`
  [1m[36mMailbox Load (0.3ms)[0m  [1mSELECT  `mailboxes`.* FROM `mailboxes`   ORDER BY `mailboxes`.`id` DESC LIMIT 1[0m
  [1m[35mEmail Load (0.3ms)[0m  SELECT  `emails`.* FROM `emails`  WHERE `emails`.`mailbox_id` = 10  ORDER BY `emails`.`id` ASC LIMIT 1
  [1m[36mReceiver Load (0.6ms)[0m  [1mSELECT `receivers`.* FROM `receivers`  WHERE `receivers`.`email_id` = 2[0m
  [1m[35mMailbox Load (0.4ms)[0m  SELECT  `mailboxes`.* FROM `mailboxes`   ORDER BY `mailboxes`.`id` ASC LIMIT 1
  [1m[36mReceiver Load (0.7ms)[0m  [1mSELECT `receivers`.* FROM `receivers`  WHERE `receivers`.`mailbox_id` = 9[0m
  [1m[35mMailbox Load (0.2ms)[0m  SELECT  `mailboxes`.* FROM `mailboxes`   ORDER BY `mailboxes`.`id` ASC LIMIT 1
  [1m[36mMailbox Load (0.3ms)[0m  [1mSELECT  `mailboxes`.* FROM `mailboxes`   ORDER BY `mailboxes`.`id` ASC LIMIT 1[0m
  [1m[35mReceiver Load (0.3ms)[0m  SELECT `receivers`.* FROM `receivers`  WHERE `receivers`.`mailbox_id` = 9
  [1m[36mMailbox Load (0.4ms)[0m  [1mSELECT  `mailboxes`.* FROM `mailboxes`   ORDER BY `mailboxes`.`id` ASC LIMIT 1[0m
  [1m[35mReceiver Load (0.2ms)[0m  SELECT `receivers`.* FROM `receivers`  WHERE `receivers`.`mailbox_id` = 9
  [1m[36mMailbox Load (0.3ms)[0m  [1mSELECT  `mailboxes`.* FROM `mailboxes`   ORDER BY `mailboxes`.`id` ASC LIMIT 1[0m
  [1m[35mReceiver Load (0.1ms)[0m  SELECT `receivers`.* FROM `receivers`  WHERE `receivers`.`mailbox_id` = 9
  [1m[36mMailbox Load (0.3ms)[0m  [1mSELECT  `mailboxes`.* FROM `mailboxes`   ORDER BY `mailboxes`.`id` ASC LIMIT 1[0m
  [1m[35mEmail Load (0.3ms)[0m  SELECT `emails`.* FROM `emails` INNER JOIN `receivers` ON `emails`.`id` = `receivers`.`email_id` WHERE `receivers`.`mailbox_id` = 9
  [1m[36mMailbox Load (0.4ms)[0m  [1mSELECT  `mailboxes`.* FROM `mailboxes`   ORDER BY `mailboxes`.`id` ASC LIMIT 1[0m
  [1m[35mEmail Load (0.1ms)[0m  SELECT `emails`.* FROM `emails` INNER JOIN `receivers` ON `emails`.`id` = `receivers`.`email_id` WHERE `receivers`.`mailbox_id` = 9
  [1m[36mMailbox Load (0.2ms)[0m  [1mSELECT  `mailboxes`.* FROM `mailboxes`   ORDER BY `mailboxes`.`id` ASC LIMIT 1[0m
  [1m[35mMailbox Load (0.1ms)[0m  SELECT  `mailboxes`.* FROM `mailboxes`   ORDER BY `mailboxes`.`id` ASC LIMIT 1
  [1m[36mMailbox Load (0.5ms)[0m  [1mSELECT  `mailboxes`.* FROM `mailboxes`   ORDER BY `mailboxes`.`id` ASC LIMIT 1[0m
  [1m[35mEmail Load (0.4ms)[0m  SELECT `emails`.* FROM `emails` INNER JOIN `receivers` ON `emails`.`id` = `receivers`.`email_id` WHERE `receivers`.`mailbox_id` = 9
  [1m[36mMailbox Load (0.4ms)[0m  [1mSELECT  `mailboxes`.* FROM `mailboxes`   ORDER BY `mailboxes`.`id` ASC LIMIT 1[0m
  [1m[35mEmail Load (0.3ms)[0m  SELECT `emails`.* FROM `emails` INNER JOIN `receivers` ON `emails`.`id` = `receivers`.`email_id` WHERE `receivers`.`mailbox_id` = 9
  [1m[36mMailbox Load (0.4ms)[0m  [1mSELECT  `mailboxes`.* FROM `mailboxes`   ORDER BY `mailboxes`.`id` ASC LIMIT 1[0m
  [1m[35mEmail Load (0.2ms)[0m  SELECT `emails`.* FROM `emails` INNER JOIN `receivers` ON `emails`.`id` = `receivers`.`email_id` WHERE `receivers`.`mailbox_id` = 9
  [1m[36mMailbox Load (0.4ms)[0m  [1mSELECT  `mailboxes`.* FROM `mailboxes`   ORDER BY `mailboxes`.`id` ASC LIMIT 1[0m
  [1m[35mMailbox Load (0.3ms)[0m  SELECT  `mailboxes`.* FROM `mailboxes`   ORDER BY `mailboxes`.`id` ASC LIMIT 1
  [1m[36mMailbox Load (0.7ms)[0m  [1mSELECT `mailboxes`.* FROM `mailboxes` INNER JOIN `emails` ON `mailboxes`.`id` = `emails`.`mailbox_id` INNER JOIN `receivers` ON `emails`.`id` = `receivers`.`email_id` WHERE `receivers`.`mailbox_id` = 9[0m
  [1m[35m (0.3ms)[0m  BEGIN
  [1m[36mSQL (0.7ms)[0m  [1mINSERT INTO `mailboxes` (`created_at`, `email`, `name`, `updated_at`) VALUES ('2014-10-05 07:04:05', 'shruti@vinsol.com', 'Shruti', '2014-10-05 07:04:05')[0m
  [1m[35m (33.7ms)[0m  COMMIT
  [1m[36m (0.3ms)[0m  [1mBEGIN[0m
  [1m[35mSQL (0.7ms)[0m  INSERT INTO `emails` (`content`, `created_at`, `mailbox_id`, `updated_at`) VALUES ('Hi Shiksha', '2014-10-05 07:05:45', 11, '2014-10-05 07:05:45')
  [1m[36m (41.7ms)[0m  [1mCOMMIT[0m
  [1m[35m (0.3ms)[0m  BEGIN
  [1m[36mSQL (0.5ms)[0m  [1mINSERT INTO `emails` (`content`, `created_at`, `mailbox_id`, `updated_at`) VALUES ('Hi Shiksha', '2014-10-05 07:05:54', 11, '2014-10-05 07:05:54')[0m
  [1m[35m (45.8ms)[0m  COMMIT
  [1m[36mReceiver Load (0.6ms)[0m  [1mSELECT `receivers`.* FROM `receivers`  WHERE `receivers`.`email_id` = 4[0m
  [1m[35m (0.2ms)[0m  BEGIN
  [1m[36mSQL (0.5ms)[0m  [1mINSERT INTO `emails` (`content`, `created_at`, `mailbox_id`, `updated_at`) VALUES ('Hi Shiksha', '2014-10-05 07:06:20', 11, '2014-10-05 07:06:20')[0m
  [1m[35m (47.5ms)[0m  COMMIT
  [1m[36m (0.2ms)[0m  [1mBEGIN[0m
  [1m[35mSQL (0.5ms)[0m  INSERT INTO `receivers` (`created_at`, `email_id`, `mailbox_id`, `updated_at`) VALUES ('2014-10-05 07:06:20', 5, 9, '2014-10-05 07:06:20')
  [1m[36m (41.5ms)[0m  [1mCOMMIT[0m
  [1m[35mMailbox Load (0.8ms)[0m  SELECT  `mailboxes`.* FROM `mailboxes`   ORDER BY `mailboxes`.`id` ASC LIMIT 1
  [1m[36mMailbox Load (0.3ms)[0m  [1mSELECT  `mailboxes`.* FROM `mailboxes`   ORDER BY `mailboxes`.`id` ASC LIMIT 1[0m
  [1m[35mMailbox Load (0.2ms)[0m  SELECT  `mailboxes`.* FROM `mailboxes`   ORDER BY `mailboxes`.`id` ASC LIMIT 1
  [1m[36mMailbox Load (0.1ms)[0m  [1mSELECT  `mailboxes`.* FROM `mailboxes`   ORDER BY `mailboxes`.`id` ASC LIMIT 1[0m
  [1m[35mMailbox Load (0.9ms)[0m  SELECT `mailboxes`.* FROM `mailboxes` INNER JOIN `emails` ON `mailboxes`.`id` = `emails`.`mailbox_id` INNER JOIN `receivers` ON `emails`.`id` = `receivers`.`email_id` WHERE `receivers`.`mailbox_id` = 9
  [1m[36mMailbox Load (0.4ms)[0m  [1mSELECT  `mailboxes`.* FROM `mailboxes`   ORDER BY `mailboxes`.`id` ASC LIMIT 1[0m
  [1m[35mEmail Load (0.9ms)[0m  SELECT `emails`.* FROM `emails` INNER JOIN `receivers` ON `emails`.`id` = `receivers`.`email_id` WHERE `receivers`.`mailbox_id` = 9
  [1m[36mMailbox Load (0.3ms)[0m  [1mSELECT  `mailboxes`.* FROM `mailboxes`   ORDER BY `mailboxes`.`id` ASC LIMIT 1[0m
  [1m[35mEmail Load (0.5ms)[0m  SELECT `emails`.* FROM `emails`  WHERE `emails`.`mailbox_id` = 9
